22:08:14.920:
461601070165
22:08:14.938:
4716010701056B
22:08:15.122:
461601070165
22:08:15.198:
4716010701056B
22:08:15.320:
461601070165
22:08:15.339:
4716010701056B
22:08:15.522:
461601070165
22:08:15.541:
4716010701056B
22:08:15.724:
46160108066B
22:08:15.748:
471601080610100F001111BD
22:08:15.924:
5783014B020129
22:08:15.931:
4616010D016B
22:08:15.979:
4716010D014BB7
22:08:16.136:
578301480C4B00000000000080000000FA
22:08:16.143:
46160109046A
22:08:16.165:
47160109046BF20000C8
22:08:16.325:
5783014B020129
22:08:16.333:
46160116097C
22:08:16.360:
4716011609E0030000000000000060
22:08:16.537:
578301480C4B6BF2000000008000000057
22:08:16.545:
46160108066B
22:08:16.569:
471601080610100F001111BD
22:08:16.727:
5783014B020129
22:08:16.734:
4616010D016B
22:08:16.805:
4716010D014BB7
22:08:16.939:
578301480C4B6BF2000000008000000057
22:08:16.947:
46160109046A
22:08:16.968:
47160109046AF20000C7
22:08:17.128:
5783014B020129
22:08:17.136:
46160116097C
22:08:17.163:
4716011609E0030000000000000060
22:08:17.341:
578301480C4B6AF2000000008000000056
22:08:17.348:
46160108066B
22:08:17.372:
471601080610100F001111BD
22:08:17.530:
5783014B020129
22:08:17.537:
4616010D016B
22:08:17.597:
4716010D014BB7
22:08:17.742:
578301480C4B6AF2000000008000000056
22:08:17.750:
46160109046A
22:08:17.772:
471601090468F20000C5
22:08:17.931:
5783014B020129
22:08:17.939:
46160116097C
22:08:17.967:
4716011609E0030000000000000060
22:08:18.143:
578301480C4B68F2000000008000000054
22:08:18.150:
46160108066B
22:08:18.174:
471601080610100F001111BD
22:08:18.335:
5783014B020129
22:08:18.343:
4616010D016B
22:08:18.403:
4716010D014BB7
22:08:18.544:
578301480C4B68F2000000008000000054
22:08:18.552:
46160109046A
22:08:18.574:
471601090468F20000C5
22:08:18.737:
5783014B020830
22:08:18.744:
46160116097C
22:08:18.773:
4716011609E0030000000000000060
22:08:18.946:
578301480C4B68F2000000008000000054
22:08:18.953:
46160108066B
22:08:18.978:
471601080610100F001111BD
22:08:19.138:
5783014B020830
22:08:19.146:
4616010D016B
22:08:19.223:
4716010D014BB7
22:08:19.347:
578301480C4B68F2000000008000000054
22:08:19.355:
46160109046A
22:08:19.378:
47160109046BF20000C8
22:08:19.540:
5783014B020830
22:08:19.547:
46160116097C
22:08:19.575:
4716011609E0030000000000000060
22:08:19.751:
578301480C4B6BF2000000008000000057
22:08:19.759:
46160108066B
22:08:19.783:
471601080610100F001111BD
22:08:19.940:
5783014B020830
22:08:19.948:
4616010D016B
22:08:20.003:
4716010D014BB7
22:08:20.152:
578301480C4B6BF2000000008000000057
22:08:20.160:
46160109046A
22:08:20.181:
47160109046BF20000C8
22:08:20.341:
5783014B020028
22:08:20.348:
46160116097C
22:08:20.376:
4716011609E0030000000000000060
22:08:20.552:
578301480C4B6BF2000000008000000057
22:08:20.560:
46160108066B
22:08:20.584:
471601080610100F001111BD
22:08:20.745:
5783014B020028
22:08:20.752:
4616010D016B
22:08:20.818:
4716010D014BB7
22:08:20.954:
578301480C4B6BF2000000008000000057
22:08:20.961:
46160109046A
22:08:20.983:
471601090468F20000C5
22:08:21.146:
5783014B020028
22:08:21.154:
46160116097C
22:08:21.196:
4716011609E0030000000000000060
22:08:21.357:
578301480C4B68F2000000008000000054
22:08:21.365:
46160108066B
22:08:21.390:
471601080610100F001111BD
22:08:21.547:
5783014B020028
22:08:21.554:
4616010D016B
22:08:21.611:
4716010D014BB7
22:08:21.759:
578301480C4B68F2000000008000000054
22:08:21.766:
46160109046A
22:08:21.788:
471601090469F20000C6
22:08:21.948:
5783014B020028
22:08:21.956:
46160116097C
22:08:21.983:
4716011609E0030000000000000060
22:08:22.161:
578301480C4B69F2000000008000000055
22:08:22.168:
46160108066B
22:08:22.192:
471601080610100F001111BD
22:08:22.350:
5783014B020028
22:08:22.357:
4616010D016B
22:08:22.400:
4716010D014BB7
22:08:22.563:
578301480C4B69F2000000008000000055
22:08:22.570:
46160109046A
22:08:22.666:
471601090469F20000C6
22:08:22.752:
5783014B020028
22:08:22.759:
46160116097C
22:08:22.793:
4716011609E0030000000000000060
22:08:22.964:
578301480C4B69F2000000008000000055
22:08:22.971:
46160108066B
22:08:22.996:
471601080610100F001111BD
22:08:23.153:
5783014B020028
22:08:23.161:
4616010D016B
22:08:23.217:
4716010D014BB7
22:08:23.367:
578301480C4B69F2000000008000000055
22:08:23.373:
46160109046A
22:08:23.413:
471601090466F20000C3
22:08:23.555:
5783014B020028
22:08:23.562:
46160116097C
22:08:23.591:
4716011609E0030000000000000060
22:08:23.767:
578301480C4B66F2000000008000000052
22:08:23.775:
46160108066B
22:08:23.800:
471601080610100F001111BD
22:08:23.957:
5783014B020028
22:08:23.964:
4616010D016B
22:08:24.019:
4716010D014BB7
22:08:24.169:
578301480C4B66F2000000008000000052
22:08:24.176:
46160109046A
22:08:24.199:
471601090467F20000C4
22:08:24.358:
5783014B020028
22:08:24.366:
46160116097C
22:08:24.393:
4716011609E0030000000000000060
22:08:24.569:
578301480C4B67F2000000008000000053
22:08:24.577:
46160108066B
22:08:24.601:
471601080610100F001111BD
22:08:24.759:
5783014B020028
22:08:24.766:
4616010D016B
22:08:24.835:
4716010D014BB7
22:08:24.970:
578301480C4B67F2000000008000000053
22:08:24.977:
46160109046A
22:08:25.000:
471601090467F20000C4
22:08:25.163:
5783014B020028
22:08:25.170:
46160116097C
22:08:25.198:
4716011609E0030000000000000060
22:08:25.371:
578301480C4B67F2000000008000000053
22:08:25.379:
46160108066B
22:08:25.403:
471601080610100F001111BD
22:08:25.564:
5783014B020028
22:08:25.571:
4616010D016B
22:08:25.637:
4716010D014BB7
22:08:25.775:
578301480C4B67F2000000008000000053
22:08:25.783:
46160109046A
22:08:25.804:
471601090463F20000C0
22:08:25.964:
5783014B020028
22:08:25.971:
46160116097C
22:08:26.000:
4716011609E0030000000000000060
22:08:26.175:
578301480C4B63F200000000800000004F
22:08:26.183:
46160108066B
22:08:26.207:
471601080610100F001111BD
22:08:26.365:
5783014B020028
22:08:26.372:
4616010D016B
22:08:26.425:
4716010D014BB7
22:08:26.577:
578301480C4B63F200000000800000004F
22:08:26.586:
46160109046A
22:08:26.606:
471601090463F20000C0
22:08:26.766:
5783014B020028
22:08:26.774:
46160116097C
22:08:26.802:
4716011609E0030000000000000060
22:08:26.979:
578301480C4B63F200000000800000004F
22:08:26.986:
46160108066B
22:08:27.010:
471601080610100F001111BD
22:08:27.168:
5783014B020028
22:08:27.176:
4616010D016B
22:08:27.262:
4716010D014BB7
22:08:27.380:
578301480C4B63F200000000800000004F
22:08:27.388:
46160109046A
22:08:27.409:
47160109046BF20000C8
22:08:27.570:
5783014B020028
22:08:27.577:
46160116097C
22:08:27.604:
4716011609E0030000000000000060
22:08:27.782:
578301480C4B6BF2000000008000000057
22:08:27.789:
46160108066B
22:08:27.813:
471601080610100F001111BD
22:08:27.971:
5783014B020028
22:08:27.979:
4616010D016B
22:08:28.034:
4716010D014BB7
22:08:28.184:
578301480C4B6BF2000000008000000057
22:08:28.191:
46160109046A
22:08:28.213:
471601090469F20000C6
22:08:28.373:
5783014B020028
22:08:28.380:
46160116097C
22:08:28.409:
4716011609E0030000000000000060
22:08:28.585:
578301480C4B69F2000000008000000055
22:08:28.593:
46160108066B
22:08:28.618:
471601080610100F001111BD
22:08:28.775:
5783014B020028
22:08:28.782:
4616010D016B
22:08:28.849:
4716010D014BB7
22:08:28.987:
578301480C4B69F2000000008000000055
22:08:28.994:
46160109046A
22:08:29.016:
471601090467F20000C4
22:08:29.176:
5783014B020028
22:08:29.184:
46160116097C
22:08:29.212:
4716011609E0030000000000000060
22:08:29.387:
578301480C4B67F2000000008000000053
22:08:29.395:
46160108066B
22:08:29.419:
471601080610100F001111BD
22:08:29.580:
5783014B020028
22:08:29.587:
4616010D016B
22:08:29.642:
4716010D014BB7
22:08:29.789:
578301480C4B67F2000000008000000053
22:08:29.796:
46160109046A
22:08:29.819:
471601090467F20000C4
22:08:29.981:
5783014B020028
22:08:29.988:
46160116097C
22:08:30.016:
4716011609E0030000000000000060
22:08:30.191:
578301480C4B67F2000000008000000053
22:08:30.199:
46160108066B
22:08:30.222:
471601080610100F001111BD
22:08:30.383:
5783014B020028
22:08:30.390:
4616010D016B
22:08:30.430:
4716010D014BB7
22:08:30.592:
578301480C4B67F2000000008000000053
22:08:30.599:
46160109046A
22:08:30.695:
471601090467F20000C4
22:08:30.784:
5783014B020028
22:08:30.792:
46160116097C
22:08:30.820:
4716011609E0030000000000000060
22:08:30.996:
578301480C4B67F2000000008000000053
22:08:31.003:
46160108066B
22:08:31.028:
471601080610100F001111BD
22:08:31.185:
5783014B020028
22:08:31.192:
4616010D016B
22:08:31.248:
4716010D014BB7
22:08:31.396:
578301480C4B67F2000000008000000053
22:08:31.404:
46160109046A
22:08:31.425:
471601090467F20000C4
22:08:31.585:
5783014B020028
22:08:31.593:
46160116097C
22:08:31.632:
4716011609E0030000000000000060
22:08:31.797:
578301480C4B67F2000000008000000053
22:08:31.805:
46160108066B
22:08:31.829:
471601080610100F001111BD
22:08:31.987:
5783014B020028
22:08:31.994:
4616010D016B
22:08:32.029:
4716010D014BB7
22:08:32.200:
578301480C4B67F2000000008000000053
22:08:32.207:
46160109046A
22:08:32.307:
471601090464F20000C1
22:08:32.388:
5783014B020028
22:08:32.396:
46160116097C
22:08:32.423:
4716011609E0030000000000000060
22:08:32.601:
578301480C4B64F2000000008000000050
22:08:32.608:
46160108066B
22:08:32.632:
471601080610100F001111BD
22:08:32.790:
5783014B020028
22:08:32.797:
4616010D016B
22:08:32.845:
4716010D014BB7
22:08:33.003:
578301480C4B64F2000000008000000050
22:08:33.010:
46160109046A
22:08:33.088:
471601090467F20000C4
22:08:33.192:
5783014B020028
22:08:33.199:
46160116097C