22:15:03.556:
578301480C4B59F2000000008000000045
22:15:03.564:
5783014B020028
22:15:03.572:
46160116097C
22:15:03.638:
4716011609E0030000000000000060
22:15:03.758:
578301480C4B59F2000000008000000045
22:15:03.767:
5783014B020028
22:15:03.774:
46160108066B
22:15:03.798:
47160108060F100F001111BC
22:15:03.957:
578301480C4B59F2000000008000000045
22:15:03.965:
5783014B020028
22:15:03.973:
4616010D016B
22:15:03.991:
4716010D014BB7
22:15:04.159:
578301480C4B59F2000000008000000045
22:15:04.167:
5783014B020028
22:15:04.175:
46160109046A
22:15:04.197:
471601090459F20000B6
22:15:04.359:
578301480C4B59F2000000008000000045
22:15:04.367:
5783014B020028
22:15:04.374:
46160116097C
22:15:04.453:
4716011609E0030000000000000060
22:15:04.560:
578301480C4B59F2000000008000000045
22:15:04.569:
5783014B020028
22:15:04.576:
46160108066B
22:15:04.601:
47160108060F100F001111BC
22:15:04.762:
578301480C4B59F2000000008000000045
22:15:04.770:
5783014B020028
22:15:04.778:
4616010D016B
22:15:04.797:
4716010D014BB7
22:15:04.961:
578301480C4B59F2000000008000000045
22:15:04.969:
5783014B020028
22:15:04.977:
46160109046A
22:15:04.998:
47160109045AF20000B7
22:15:05.163:
578301480C4B5AF2000000008000000046
22:15:05.171:
5783014B020028
22:15:05.179:
46160116097C
22:15:05.266:
4716011609E0030000000000000060
22:15:05.364:
578301480C4B5AF2000000008000000046
22:15:05.373:
5783014B020028
22:15:05.380:
46160108066B
22:15:05.405:
47160108060F100F001111BC
22:15:05.564:
578301480C4B5AF2000000008000000046
22:15:05.573:
5783014B020028
22:15:05.580:
4616010D016B
22:15:05.599:
4716010D014BB7
22:15:05.766:
578301480C4B5AF2000000008000000046
22:15:05.775:
5783014B020028
22:15:05.782:
46160109046A
22:15:05.804:
471601090459F20000B6
22:15:05.965:
578301480C4B59F2000000008000000045
22:15:05.974:
5783014B020028
22:15:05.981:
46160116097C
22:15:06.054:
4716011609E0030000000000000060
22:15:06.167:
578301480C4B59F2000000008000000045
22:15:06.176:
5783014B020028
22:15:06.184:
46160108066B
22:15:06.208:
47160108060F100F001111BC
22:15:06.368:
578301480C4B59F2000000008000000045
22:15:06.376:
5783014B020028
22:15:06.384:
4616010D016B
22:15:06.402:
4716010D014BB7
22:15:06.567:
578301480C4B59F2000000008000000045
22:15:06.576:
5783014B020028
22:15:06.583:
46160109046A
22:15:06.606:
471601090456F20000B3
22:15:06.769:
578301480C4B56F2000000008000000042
22:15:06.777:
5783014B020028
22:15:06.785:
46160116097C
22:15:06.872:
4716011609E0030000000000000060
22:15:06.971:
578301480C4B56F2000000008000000042
22:15:06.979:
5783014B020028
22:15:06.987:
46160108066B
22:15:07.011:
47160108060F100F001111BC
22:15:07.170:
578301480C4B56F2000000008000000042
22:15:07.179:
5783014B020028
22:15:07.186:
4616010D016B
22:15:07.215:
4716010D014BB7
22:15:07.371:
578301480C4B56F2000000008000000042
22:15:07.380:
5783014B020028
22:15:07.387:
46160109046A
22:15:07.409:
471601090459F20000B6
22:15:07.573:
578301480C4B59F2000000008000000045
22:15:07.582:
5783014B020028
22:15:07.589:
46160116097C
22:15:07.653:
4716011609E0030000000000000060
22:15:07.773:
578301480C4B59F2000000008000000045
22:15:07.782:
5783014B020028
22:15:07.789:
46160108066B
22:15:07.813:
47160108060F100F001111BC
22:15:07.975:
578301480C4B59F2000000008000000045
22:15:07.983:
5783014B020028
22:15:07.991:
4616010D016B
22:15:08.009:
4716010D014BB7
22:15:08.174:
578301480C4B59F2000000008000000045
22:15:08.182:
5783014B020028
22:15:08.190:
46160109046A
22:15:08.218:
471601090459F20000B6
22:15:08.377:
578301480C4B59F2000000008000000045
22:15:08.385:
5783014B020028
22:15:08.393:
46160116097C
22:15:08.477:
4716011609E0030000000000000060
22:15:08.575:
578301480C4B59F2000000008000000045
22:15:08.584:
5783014B020028
22:15:08.592:
46160108066B
22:15:08.615:
47160108060F100F001111BC
22:15:08.777:
578301480C4B59F2000000008000000045
22:15:08.785:
5783014B020028
22:15:08.793:
4616010D016B
22:15:08.812:
4716010D014BB7
22:15:08.979:
578301480C4B59F2000000008000000045
22:15:08.987:
5783014B020028
22:15:08.995:
46160109046A
22:15:09.016:
471601090459F20000B6
22:15:09.178:
578301480C4B59F2000000008000000045
22:15:09.187:
5783014B020028
22:15:09.193:
46160116097C
22:15:09.271:
4716011609E0030000000000000060
22:15:09.379:
578301480C4B59F2000000008000000045
22:15:09.388:
5783014B020028
22:15:09.395:
46160108066B
22:15:09.436:
47160108060F100F001111BC
22:15:09.579:
578301480C4B59F2000000008000000045
22:15:09.588:
5783014B020028
22:15:09.595:
4616010D016B
22:15:09.614:
4716010D014BB7
22:15:09.781:
578301480C4B59F2000000008000000045
22:15:09.789:
5783014B020028
22:15:09.797:
46160109046A
22:15:09.819:
47160109045CF20000B9
22:15:09.983:
578301480C4B5CF2000000008000000048
22:15:09.991:
5783014B020028
22:15:09.999:
46160116097C
22:15:10.077:
4716011609E0030000000000000060
22:15:10.182:
578301480C4B5CF2000000008000000048
22:15:10.190:
5783014B020028
22:15:10.197:
46160108066B
22:15:10.221:
47160108060F100F001111BC
22:15:10.384:
578301480C4B5CF2000000008000000048
22:15:10.392:
5783014B020028
22:15:10.400:
4616010D016B
22:15:10.418:
4716010D014BB7
22:15:10.585:
578301480C4B5CF2000000008000000048
22:15:10.594:
5783014B020028
22:15:10.601:
46160109046A
22:15:10.624:
471601090459F20000B6
22:15:10.784:
578301480C4B59F2000000008000000045
22:15:10.793:
5783014B020028
22:15:10.801:
46160116097C
22:15:10.867:
4716011609E0030000000000000060
22:15:10.986:
578301480C4B59F2000000008000000045
22:15:10.995:
5783014B020028
22:15:11.002:
46160108066B
22:15:11.026:
47160108060F100F001111BC
22:15:11.188:
578301480C4B59F2000000008000000045
22:15:11.196:
5783014B020028
22:15:11.204:
4616010D016B
22:15:11.222:
4716010D014BB7
22:15:11.386:
578301480C4B59F2000000008000000045
22:15:11.395:
5783014B020028
22:15:11.402:
46160109046A
22:15:11.425:
471601090459F20000B6
22:15:11.589:
578301480C4B59F2000000008000000045
22:15:11.597:
5783014B020028
22:15:11.604:
46160116097C
22:15:11.648:
4716011609E0030000000000000060
22:15:11.788:
578301480C4B59F2000000008000000045
22:15:11.796:
5783014B020028
22:15:11.804:
46160108066B
22:15:11.829:
47160108060F100F001111BC
22:15:11.990:
578301480C4B59F2000000008000000045
22:15:11.999:
5783014B020028
22:15:12.006:
4616010D016B
22:15:12.024:
4716010D014BB7
22:15:12.191:
578301480C4B59F2000000008000000045
22:15:12.200:
5783014B020028
22:15:12.207:
46160109046A
22:15:12.230:
471601090459F20000B6
22:15:12.391:
578301480C4B59F2000000008000000045
22:15:12.400:
5783014B020028
22:15:12.406:
46160116097C
22:15:12.463:
4716011609E0030000000000000060
22:15:12.593:
578301480C4B59F2000000008000000045
22:15:12.601:
5783014B020028
22:15:12.608:
46160108066B
22:15:12.633:
47160108060F100F001111BC
22:15:12.794:
578301480C4B59F2000000008000000045
22:15:12.803:
5783014B020028
22:15:12.810:
4616010D016B
22:15:12.828:
4716010D014BB7
22:15:12.994:
578301480C4B59F2000000008000000045
22:15:13.002:
5783014B020028
22:15:13.010:
46160109046A
22:15:13.032:
471601090459F20000B6
22:15:13.196:
578301480C4B59F2000000008000000045
22:15:13.204:
5783014B020028
22:15:13.212:
46160116097C
22:15:13.256:
4716011609E0030000000000000060
22:15:13.394:
578301480C4B59F2000000008000000045
22:15:13.403:
5783014B020028
22:15:13.410:
46160108066B
22:15:13.435:
47160108060F100F001111BC
22:15:13.597:
578301480C4B59F2000000008000000045
22:15:13.606:
5783014B020028
22:15:13.613:
4616010D016B
22:15:13.632:
4716010D014BB7
22:15:13.796:
578301480C4B59F2000000008000000045
22:15:13.805:
5783014B020028
22:15:13.812:
46160109046A
22:15:13.840:
471601090459F20000B6
22:15:13.998:
578301480C4B59F2000000008000000045
22:15:14.006:
5783014B020028
22:15:14.014:
46160116097C
22:15:14.044:
4716011609E0030000000000000060
22:15:14.200:
578301480C4B59F2000000008000000045
22:15:14.208:
5783014B020028
22:15:14.215:
46160108066B
22:15:14.308:
47160108060F100F001111BC
22:15:14.398:
578301480C4B59F2000000008000000045
22:15:14.407:
5783014B020028
22:15:14.414:
4616010D016B
22:15:14.437:
4716010D014BB7
22:15:14.600:
578301480C4B59F2000000008000000045
22:15:14.609:
5783014B020028
22:15:14.616:
46160109046A
22:15:14.638:
471601090459F20000B6
22:15:14.800:
578301480C4B59F2000000008000000045
22:15:14.808:
5783014B020028
22:15:14.816:
46160116097C
22:15:14.862:
4716011609E0030000000000000060
22:15:15.002:
578301480C4B59F2000000008000000045
22:15:15.010:
5783014B020028
22:15:15.018:
46160108066B
22:15:15.043:
47160108060F100F001111BC
22:15:15.203:
578301480C4B59F2000000008000000045
22:15:15.212:
5783014B020028
22:15:15.219:
4616010D016B
22:15:15.238:
4716010D014BB7
22:15:15.403:
578301480C4B59F2000000008000000045
22:15:15.411:
5783014B020028
22:15:15.418:
46160109046A
22:15:15.441:
471601090459F20000B6
22:15:15.604:
578301480C4B59F2000000008000000045
22:15:15.612:
5783014B020028
22:15:15.620:
46160116097C
22:15:15.653:
4716011609E0030000000000000060
22:15:15.806:
578301480C4B59F2000000008000000045
22:15:15.814:
5783014B020028
22:15:15.822:
46160108066B
22:15:15.926:
47160108060F100F001111BC
22:15:16.006:
578301480C4B59F2000000008000000045
22:15:16.014:
5783014B020028
22:15:16.022:
4616010D016B
22:15:16.040:
4716010D014BB7
22:15:16.208:
578301480C4B59F2000000008000000045
22:15:16.216:
5783014B020028
22:15:16.223:
46160109046A
22:15:16.245:
471601090459F20000B6
22:15:16.406:
578301480C4B59F2000000008000000045
22:15:16.415:
5783014B020028
22:15:16.422:
46160116097C
22:15:16.468:
4716011609E0030000000000000060
22:15:16.609:
578301480C4B59F2000000008000000045
22:15:16.617:
5783014B020028
22:15:16.625:
46160108066B
22:15:16.706:
47160108060F100F001111BC
22:15:16.809:
578301480C4B59F2000000008000000045
22:15:16.817:
5783014B020028
22:15:16.825:
4616010D016B
22:15:16.843:
4716010D014BB7
22:15:17.011:
578301480C4B59F2000000008000000045
22:15:17.019:
5783014B020028
22:15:17.027:
46160109046A
22:15:17.049:
471601090458F20000B5
22:15:17.209:
578301480C4B58F2000000008000000044
22:15:17.218:
5783014B020028
22:15:17.225:
46160116097C
22:15:17.271:
4716011609E0030000000000000060
22:15:17.411:
578301480C4B58F2000000008000000044
22:15:17.420:
5783014B020028
22:15:17.427:
46160108066B
22:15:17.452:
47160108060F100F001111BC
22:15:17.613:
578301480C4B58F2000000008000000044
22:15:17.621:
5783014B020028
22:15:17.629:
4616010D016B
22:15:17.647:
4716010D014BB7
22:15:17.812:
578301480C4B58F2000000008000000044
22:15:17.820:
5783014B020028
22:15:17.828:
46160109046A
22:15:17.850:
471601090455F20000B2
22:15:18.014:
578301480C4B55F2000000008000000041
22:15:18.022:
5783014B020028
22:15:18.030:
46160116097C
22:15:18.059:
4716011609E0030000000000000060
22:15:18.213:
578301480C4B55F2000000008000000041
22:15:18.222:
5783014B020028
22:15:18.229:
46160108066B
22:15:18.323:
47160108060F100F001111BC
22:15:18.415:
578301480C4B55F2000000008000000041
22:15:18.424:
5783014B020028
22:15:18.431:
4616010D016B
22:15:18.450:
4716010D014BB7
22:15:18.617:
578301480C4B55F2000000008000000041
22:15:18.625:
5783014B020028
22:15:18.633:
46160109046A
22:15:18.655:
471601090455F20000B2
22:15:18.815:
578301480C4B55F2000000008000000041
22:15:18.824:
5783014B020028
22:15:18.832:
46160116097C
22:15:18.878:
4716011609E0030000000000000060
22:15:19.018:
578301480C4B55F2000000008000000041
22:15:19.026:
5783014B020028
22:15:19.034:
46160108066B
22:15:19.057:
47160108060F100F001111BC
22:15:19.219:
578301480C4B55F2000000008000000041
22:15:19.228:
5783014B020028
22:15:19.235:
4616010D016B
22:15:19.254:
4716010D014BB7
22:15:19.418:
578301480C4B55F2000000008000000041
22:15:19.427:
5783014B020028
22:15:19.434:
46160109046A
22:15:19.457:
471601090456F20000B3
22:15:19.621:
578301480C4B56F2000000008000000042
22:15:19.629:
5783014B020028
22:15:19.637:
46160116097C
22:15:19.665:
4716011609E0030000000000000060
22:15:19.820:
578301480C4B56F2000000008000000042
22:15:19.828:
5783014B020028
22:15:19.836:
46160108066B
22:15:19.931:
47160108060F100F001111BC
22:15:20.022:
578301480C4B56F20000000000000000C2
22:15:20.030:
5783014B020028
22:15:20.038:
4616010D016B
22:15:20.057:
4716010D014BB7
22:15:20.223:
578301480C4B56F20000000000000000C2
22:15:20.232:
5783014B020028
22:15:20.239:
46160109046A
22:15:20.262:
471601090456F20000B3
22:15:20.423:
578301480C4B56F20000000000000000C2
22:15:20.431:
5783014B020028
22:15:20.438:
46160116097C
22:15:20.474:
4716011609E0030000000000000060
22:15:20.624:
578301480C4B56F20000000000000000C2
22:15:20.632:
5783014B020028
22:15:20.640:
46160108066B
22:15:20.719:
47160108060F100F001111BC
22:15:20.824:
578301480C4B56F20000000000000000C2
22:15:20.832:
5783014B020028
22:15:20.840:
4616010D016B
22:15:20.858:
4716010D014BB7
22:15:21.026:
578301480C4B56F20000000000000000C2
22:15:21.034:
5783014B020028
22:15:21.042:
46160109046A
22:15:21.064:
471601090458F20000B5
22:15:21.227:
578301480C4B58F20000000000000000C4
22:15:21.236:
5783014B020028
22:15:21.245:
46160116097C
22:15:21.271:
4716011609E0030000000000000060
22:15:21.426:
578301480C4B58F20000000000000000C4
22:15:21.434:
5783014B020028
22:15:21.442:
46160108066B
22:15:21.537:
47160108060F100F001111BC
22:15:21.628:
578301480C4B58F20000000000000000C4
22:15:21.636:
5783014B020028
22:15:21.644:
4616010D016B
22:15:21.663:
4716010D014BB7
22:15:21.830:
578301480C4B58F20000000000000000C4
22:15:21.838:
5783014B020028
22:15:21.846:
46160109046A
22:15:21.868:
47160109045BF20000B8
22:15:22.029:
578301480C4B5BF20000000000000000C7
22:15:22.038:
5783014B020028
22:15:22.044:
46160116097C
22:15:22.072:
4716011609E0030000000000000060
22:15:22.230:
578301480C4B5BF20000000000000000C7
22:15:22.239:
5783014B020028
22:15:22.246:
46160108066B
22:15:22.334:
47160108060F100F001111BC
22:15:22.432:
578301480C4B5BF20000000000000000C7
22:15:22.440:
5783014B020028
22:15:22.448:
4616010D016B
22:15:22.467:
4716010D014BB7
22:15:22.631:
578301480C4B5BF20000000000000000C7
22:15:22.640:
5783014B020028
22:15:22.647:
46160109046A
22:15:22.672:
47160109045BF20000B8
22:15:22.833:
578301480C4B5BF20000000000000000C7
22:15:22.841:
5783014B020028
22:15:22.849:
46160116097C
22:15:22.892:
4716011609E0030000000000000060
22:15:23.034:
578301480C4B5BF20000000000000000C7
22:15:23.043:
5783014B020028
22:15:23.050:
46160108066B
22:15:23.075:
47160108060F100F001111BC
22:15:23.234:
578301480C4B5BF20000000000000000C7
22:15:23.242:
5783014B020028
22:15:23.249:
4616010D016B
22:15:23.278:
4716010D014BB7
22:15:23.436:
578301480C4B5BF20000000000000000C7
22:15:23.444:
5783014B020028
22:15:23.451:
46160109046A
22:15:23.473:
471601090454F20000B1
22:15:23.637:
578301480C4B54F20000000000000000C0
22:15:23.645:
5783014B020028
22:15:23.653:
46160116097C
22:15:23.681:
4716011609E0030000000000000060
22:15:23.836:
578301480C4B54F20000000000000000C0
22:15:23.844:
5783014B020028
22:15:23.852:
46160108066B
22:15:23.965:
47160108060F100F001111BC
22:15:24.038:
578301480C4B54F20000000000000000C0
22:15:24.046:
5783014B020028
22:15:24.054:
4616010D016B
22:15:24.072:
4716010D014BB7
22:15:24.239:
578301480C4B54F20000000000000000C0
22:15:24.248:
5783014B020028
22:15:24.255:
46160109046A
22:15:24.277:
471601090454F20000B1
22:15:24.438:
578301480C4B54F20000000000000000C0
22:15:24.446:
5783014B020028
22:15:24.454:
46160116097C
22:15:24.498:
4716011609E0030000000000000060
22:15:24.640:
578301480C4B54F20000000000000000C0
22:15:24.648:
5783014B020028
22:15:24.656:
46160108066B
22:15:24.736:
47160108060F100F001111BC
22:15:24.842:
578301480C4B54F20000000000000000C0
22:15:24.850:
5783014B020028
22:15:24.858:
4616010D016B
22:15:24.876:
4716010D014BB7
22:15:25.040:
578301480C4B54F20000000000000000C0
22:15:25.049:
5783014B020028
22:15:25.056:
46160109046A
22:15:25.078:
471601090457F20000B4
22:15:25.242:
578301480C4B57F20000000000000000C3
22:15:25.250:
5783014B020028
22:15:25.258:
46160116097C
22:15:25.291:
4716011609E0030000000000000060
22:15:25.444:
578301480C4B57F20000000000000000C3
22:15:25.452:
5783014B020028
22:15:25.461:
46160108066B
22:15:25.558:
47160108060F100F001111BC
22:15:25.643:
578301480C4B57F20000000000000000C3
22:15:25.651:
5783014B020028
22:15:25.659:
4616010D016B
22:15:25.677:
4716010D014BB7
22:15:25.845:
578301480C4B57F20000000000000000C3
22:15:25.853:
5783014B020028
22:15:25.860:
46160109046A
22:15:25.883:
471601090459F20000B6
22:15:26.047:
578301480C4B59F20000000000000000C5
22:15:26.057:
5783014B020028
22:15:26.065:
46160116097C
22:15:26.093:
4716011609E0030000000000000060
22:15:26.247:
578301480C4B59F20000000000000000C5
22:15:26.257:
5783014B020028
22:15:26.266:
46160108066B
22:15:26.353:
47160108060F100F001111BC
22:15:26.447:
578301480C4B59F20000000000000000C5
22:15:26.455:
5783014B020028
22:15:26.464:
4616010D016B
22:15:26.482:
4716010D014BB7
22:15:26.647:
578301480C4B59F20000000000000000C5
22:15:26.655:
5783014B020028
22:15:26.663:
46160109046A
22:15:26.685:
471601090449F20000A6
22:15:26.850:
578301480C4B49F20000000000000000B5
22:15:26.860:
5783014B020028
22:15:26.869:
46160116097C
22:15:26.907:
4716011609E0030000000000000060
22:15:27.050:
578301480C4B49F20000000000000000B5
22:15:27.060:
5783014B020028
22:15:27.069:
46160108066B
22:15:27.094:
47160108060F100F001111BC
22:15:27.251:
578301480C4B49F20000000000000000B5
22:15:27.261:
5783014B020028
22:15:27.270:
4616010D016B
22:15:27.288:
4716010D014BB7
22:15:27.451:
578301480C4B49F20000000000000000B5
22:15:27.460:
5783014B020028
22:15:27.467:
46160109046A
22:15:27.489:
471601090449F20000A6
22:15:27.651:
578301480C4B49F20000000000000000B5
22:15:27.660:
5783014B020028
22:15:27.667:
46160116097C
22:15:27.714:
4716011609E0030000000000000060
22:15:27.854:
578301480C4B49F20000000000000000B5
22:15:27.862:
5783014B020028
22:15:27.870:
46160108066B
22:15:27.961:
47160108060F100F001111BC
22:15:28.054:
578301480C4B49F20000000000000000B5
22:15:28.062:
5783014B020028
22:15:28.069:
4616010D016B
22:15:28.088:
4716010D014BB7
22:15:28.256:
578301480C4B49F20000000000000000B5
22:15:28.264:
5783014B020028
22:15:28.272:
46160109046A
22:15:28.293:
471601090449F20000A6
22:15:28.455:
578301480C4B49F20000000000000000B5
22:15:28.464:
5783014B020028
22:15:28.473:
46160116097C
22:15:28.503:
4716011609E0030000000000000060
22:15:28.658:
578301480C4B49F20000000000000000B5
22:15:28.668:
5783014B020028
22:15:28.676:
46160108066B
22:15:28.749:
47160108060F100F001111BC
22:15:28.858:
578301480C4B49F20000000000000000B5
22:15:28.868:
5783014B020028
22:15:28.877:
4616010D016B
22:15:28.916:
4716010D014BB7
22:15:29.059:
578301480C4B49F20000000000000000B5
22:15:29.069:
5783014B020028
22:15:29.078:
46160109046A
22:15:29.100:
471601090431F200008E
22:15:29.260:
578301480C4B31F200000000000000009D
22:15:29.270:
5783014B020028
22:15:29.279:
46160116097C
22:15:29.307:
4716011609E0030000000000000060
22:15:29.461:
578301480C4B31F200000000000000009D
22:15:29.471:
5783014B020028
22:15:29.480:
46160108066B
22:15:29.567:
47160108060F100F001111BC
22:15:29.662:
578301480C4B31F200000000000000009D
22:15:29.671:
5783014B020028
22:15:29.680:
4616010D016B
22:15:29.699:
4716010D014BB7
22:15:29.863:
578301480C4B31F200000000000000009D
22:15:29.872:
5783014B020028
22:15:29.881:
46160109046A
22:15:29.903:
47160109042FF200008C
22:15:30.063:
578301480C4B2FF200000000000000009B
22:15:30.073:
5783014B020028
22:15:30.082:
46160116097C
22:15:30.110:
4716011609E0030000000000000060
22:15:30.264:
578301480C4B2FF200000000000000009B
22:15:30.272:
5783014B020028
22:15:30.279:
46160108066B
22:15:30.348:
47160108060F100F001111BC
22:15:30.464:
578301480C4B2FF200000000000000009B
22:15:30.472:
5783014B020028
22:15:30.480:
4616010D016B
22:15:30.498:
4716010D014BB7
22:15:30.663:
578301480C4B2FF200000000000000009B
22:15:30.671:
5783014B020028
22:15:30.680:
46160109046A
22:15:30.701:
471601090424F2000081
22:15:30.865:
578301480C4B24F2000000000000000090
22:15:30.873:
5783014B020028
22:15:30.881:
46160116097C
22:15:30.911:
4716011609E0030000000000000060
22:15:31.066:
578301480C4B24F2000000000000000090
22:15:31.075:
5783014B020028
22:15:31.082:
46160108066B
22:15:31.179:
47160108060F100F001111BC
22:15:31.265:
578301480C4B24F2000000000000000090
22:15:31.274:
5783014B020028
22:15:31.281:
4616010D016B
22:15:31.301:
4716010D014BB7
22:15:31.468:
578301480C4B24F2000000000000000090
22:15:31.475:
5783014B020028
22:15:31.483:
46160109046A
22:15:31.505:
471601090454F20000B1
22:15:31.670:
578301480C4B54F20000000000000000C0
22:15:31.677:
5783014B020028
22:15:31.685:
46160116097C
22:15:31.713:
4716011609E0030000000000000060
22:15:31.868:
578301480C4B54F20000000000000000C0
22:15:31.876:
5783014B020028
22:15:31.883:
46160108066B
22:15:31.976:
47160108060F100F001111BC
22:15:32.070:
578301480C4B54F20000000000000000C0
22:15:32.079:
5783014B020028
22:15:32.085:
4616010D016B
22:15:32.119:
4716010D014BB7
22:15:32.271:
578301480C4B54F20000000000000000C0
22:15:32.280:
5783014B020028
22:15:32.287:
46160109046A
22:15:32.309:
471601090454F20000B1
22:15:32.470:
578301480C4B54F20000000000000000C0
22:15:32.479:
5783014B020028
22:15:32.486:
46160116097C
22:15:32.518:
4716011609E0030000000000000060
22:15:32.672:
578301480C4B54F20000000000000000C0
22:15:32.680:
5783014B020028
22:15:32.689:
46160108066B
22:15:32.782:
47160108060F100F001111BC
22:15:32.874:
578301480C4B54F20000000000000000C0
22:15:32.882:
5783014B020028
22:15:32.890:
4616010D016B
22:15:32.909:
4716010D014BB7
22:15:33.073:
578301480C4B54F20000000000000000C0
22:15:33.081:
5783014B020028
22:15:33.088:
46160109046A
22:15:33.110:
471601090454F20000B1
22:15:33.274:
578301480C4B54F20000000000000000C0
22:15:33.283:
5783014B020028
22:15:33.290:
46160116097C
22:15:33.332:
4716011609E0030000000000000060
22:15:33.476:
578301480C4B54F20000000000000000C0
22:15:33.484:
5783014B020028
22:15:33.492:
46160108066B
22:15:33.516:
47160108060F100F001111BC
22:15:33.675:
578301480C4B54F20000000000000000C0
22:15:33.683:
5783014B020028
22:15:33.690:
4616010D016B
22:15:33.709:
4716010D014BB7
22:15:33.876:
578301480C4B54F20000000000000000C0
22:15:33.885:
5783014B020028
22:15:33.892:
46160109046A
22:15:33.915:
471601090454F20000B1
22:15:34.079:
578301480C4B54F20000000000000000C0
22:15:34.087:
5783014B020028
22:15:34.094:
46160116097C
22:15:34.122:
4716011609E0030000000000000060
22:15:34.277:
578301480C4B54F2000000008000000040
22:15:34.286:
5783014B020028
22:15:34.293:
46160108066B
22:15:34.383:
47160108060F100F001111BC
22:15:34.479:
578301480C4B54F2000000008000000040
22:15:34.487:
5783014B020028
22:15:34.495:
4616010D016B
22:15:34.514:
4716010D014BB7
22:15:34.681:
578301480C4B54F2000000008000000040
22:15:34.689:
5783014B020028
22:15:34.697:
46160109046A
22:15:34.719:
471601090455F20000B2
22:15:34.879:
578301480C4B55F2000000008000000041
22:15:34.888:
5783014B020028
22:15:34.896:
46160116097C
22:15:34.937:
4716011609E0030000000000000060
22:15:35.081:
578301480C4B55F2000000008000000041
22:15:35.090:
5783014B020028
22:15:35.097:
46160108066B
22:15:35.122:
47160108060F100F001111BC
22:15:35.284:
578301480C4B55F2000000008000000041
22:15:35.292:
5783014B020028
22:15:35.299:
4616010D016B
22:15:35.318:
4716010D014BB7
22:15:35.483:
578301480C4B55F2000000008000000041
22:15:35.491:
5783014B020028
22:15:35.499:
46160109046A
22:15:35.521:
471601090451F20000AE
22:15:35.685:
578301480C4B51F200000000800000003D
22:15:35.693:
5783014B020028
22:15:35.701:
46160116097C
22:15:35.729:
4716011609E0030000000000000060
22:15:35.884:
578301480C4B51F200000000800000003D
22:15:35.892:
5783014B020028
22:15:35.900:
46160108066B
22:15:35.991:
47160108060F100F001111BC
22:15:36.087:
578301480C4B51F200000000800000003D
22:15:36.095:
5783014B020028
22:15:36.102:
4616010D016B
22:15:36.122:
4716010D014BB7
22:15:36.285:
578301480C4B51F200000000800000003D
22:15:36.294:
5783014B020028
22:15:36.301:
46160109046A
22:15:36.324:
471601090453F20000B0
22:15:36.487:
578301480C4B53F200000000800000003F
22:15:36.496:
5783014B020028
22:15:36.503:
46160116097C
22:15:36.534:
4716011609E0030000000000000060
22:15:36.689:
578301480C4B53F200000000800000003F
22:15:36.697:
5783014B020028
22:15:36.705:
46160108066B
22:15:36.779:
47160108060F100F001111BC
22:15:36.888:
578301480C4B53F200000000800000003F
22:15:36.896:
5783014B020028
22:15:36.904:
4616010D016B
22:15:36.923:
4716010D014BB7
22:15:37.090:
578301480C4B53F200000000800000003F
22:15:37.098:
5783014B020028
22:15:37.105:
46160109046A
22:15:37.128:
471601090453F20000B0
22:15:37.291:
578301480C4B53F200000000800000003F
22:15:37.300:
5783014B020028
22:15:37.307:
46160116097C
22:15:37.336:
4716011609E0030000000000000060
22:15:37.490:
578301480C4B53F200000000800000003F
22:15:37.498:
5783014B020028
22:15:37.506:
46160108066B
22:15:37.587:
47160108060F100F001111BC
22:15:37.692:
578301480C4B53F200000000800000003F
22:15:37.700:
5783014B020028
22:15:37.708:
4616010D016B
22:15:37.726:
4716010D014BB7
22:15:37.894:
578301480C4B53F200000000800000003F
22:15:37.903:
5783014B020028
22:15:37.909:
46160109046A
22:15:37.932:
471601090453F20000B0
22:15:38.092:
578301480C4B53F200000000800000003F
22:15:38.101:
5783014B020028
22:15:38.109:
46160116097C
22:15:38.136:
4716011609E0030000000000000060
22:15:38.296:
578301480C4B53F200000000800000003F
22:15:38.304:
5783014B020028
22:15:38.311:
46160108066B
22:15:38.368:
47160108060F100F001111BC
22:15:38.495:
578301480C4B53F200000000800000003F
22:15:38.503:
5783014B020028
22:15:38.512:
4616010D016B
22:15:38.530:
4716010D014BB7
22:15:38.697:
578301480C4B53F200000000800000003F
22:15:38.705:
5783014B020028
22:15:38.713:
46160109046A
22:15:38.735:
471601090458F20000B5
22:15:38.896:
578301480C4B58F2000000008000000044
22:15:38.904:
5783014B020028
22:15:38.911:
46160116097C
22:15:38.939:
4716011609E0030000000000000060
22:15:39.099:
578301480C4B58F2000000008000000044
22:15:39.107:
5783014B020028
22:15:39.114:
46160108066B
22:15:39.183:
47160108060F100F001111BC
22:15:39.298:
578301480C4B58F2000000008000000044
22:15:39.307:
5783014B020028
22:15:39.314:
4616010D016B
22:15:39.332:
4716010D014BB7
22:15:39.498:
578301480C4B58F2000000008000000044
22:15:39.507:
5783014B020028
22:15:39.514:
46160109046A
22:15:39.536:
471601090458F20000B5
22:15:39.700:
578301480C4B58F2000000008000000044
22:15:39.708:
5783014B020028
22:15:39.716:
46160116097C
22:15:39.743:
4716011609E0030000000000000060
22:15:39.901:
578301480C4B58F2000000008000000044
22:15:39.910:
5783014B020028
22:15:39.917:
46160108066B
22:15:39.986:
47160108060F100F001111BC
22:15:40.100:
578301480C4B58F2000000008000000044
22:15:40.109:
5783014B020028
22:15:40.116:
4616010D016B
22:15:40.134:
4716010D014BB7
22:15:40.302:
578301480C4B58F2000000008000000044
22:15:40.310:
5783014B020028
22:15:40.318:
46160109046A
22:15:40.340:
471601090454F20000B1
22:15:40.504:
578301480C4B54F2000000008000000040
22:15:40.513:
5783014B020028
22:15:40.520:
46160116097C
22:15:40.548:
4716011609E0030000000000000060
22:15:40.704:
578301480C4B54F2000000008000000040
22:15:40.713:
5783014B020028
22:15:40.720:
46160108066B
22:15:40.774:
47160108060F100F001111BC
22:15:40.906:
578301480C4B54F2000000008000000040
22:15:40.914:
5783014B020028
22:15:40.921:
4616010D016B
22:15:40.940:
4716010D014BB7
22:15:41.104:
578301480C4B54F2000000008000000040
22:15:41.113:
5783014B020028
22:15:41.120:
46160109046A
22:15:41.143:
471601090454F20000B1
22:15:41.308:
578301480C4B54F2000000008000000040
22:15:41.316:
5783014B020028
22:15:41.323:
46160116097C
22:15:41.351:
4716011609E0030000000000000060
22:15:41.506:
578301480C4B54F2000000008000000040
22:15:41.515:
5783014B020028
22:15:41.522:
46160108066B
22:15:41.601:
47160108060F100F001111BC
22:15:41.708:
578301480C4B54F2000000008000000040
22:15:41.716:
5783014B020028
22:15:41.724:
4616010D016B
22:15:41.743:
4716010D014BB7
22:15:41.910:
578301480C4B54F2000000008000000040
22:15:41.918:
5783014B020028
22:15:41.925:
46160109046A
22:15:41.947:
471601090457F20000B4
22:15:42.108:
578301480C4B57F2000000008000000043
22:15:42.117:
5783014B020028
22:15:42.125:
46160116097C
22:15:42.152:
4716011609E0030000000000000060
22:15:42.311:
578301480C4B57F2000000008000000043
22:15:42.319:
5783014B020028
22:15:42.327:
46160108066B
22:15:42.373:
47160108060F100F001111BC
22:15:42.510:
578301480C4B57F2000000008000000043
22:15:42.519:
5783014B020028
22:15:42.527:
4616010D016B
22:15:42.545:
4716010D014BB7
22:15:42.712:
578301480C4B57F2000000008000000043
22:15:42.721:
5783014B020028
22:15:42.728:
46160109046A
22:15:42.750:
471601090457F20000B4
22:15:42.914:
578301480C4B57F2000000008000000043
22:15:42.922:
5783014B020028
22:15:42.929:
46160116097C
22:15:42.957:
4716011609E0030000000000000060
22:15:43.112:
578301480C4B57F2000000008000000043
22:15:43.121:
5783014B020028
22:15:43.128:
46160108066B
22:15:43.188:
47160108060F100F001111BC
22:15:43.315:
578301480C4B57F2000000008000000043
22:15:43.323:
5783014B020028
22:15:43.330:
4616010D016B
22:15:43.349:
4716010D014BB7
22:15:43.516:
578301480C4B57F2000000008000000043
22:15:43.524:
5783014B020028
22:15:43.532:
46160109046A
22:15:43.555:
471601090456F20000B3
22:15:43.715:
578301480C4B56F2000000008000000042
22:15:43.723:
5783014B020028
22:15:43.731:
46160116097C
22:15:43.760:
4716011609E0030000000000000060
22:15:43.916:
578301480C4B56F2000000008000000042
22:15:43.925:
5783014B020028
22:15:43.933:
46160108066B
22:15:43.981:
47160108060F100F001111BC
22:15:44.118:
578301480C4B56F2000000008000000042
22:15:44.127:
5783014B020028
22:15:44.134:
4616010D016B
22:15:44.153:
4716010D014BB7
22:15:44.317:
578301480C4B56F2000000008000000042
22:15:44.326:
5783014B020028
22:15:44.333:
46160109046A
22:15:44.355:
471601090456F20000B3
22:15:44.519:
578301480C4B56F2000000008000000042
22:15:44.528:
5783014B020028
22:15:44.536:
46160116097C
22:15:44.563:
4716011609E0030000000000000060
22:15:44.719:
578301480C4B56F2000000008000000042
22:15:44.728:
5783014B020028
22:15:44.735:
46160108066B
22:15:44.769:
47160108060F100F001111BC
22:15:44.921:
578301480C4B56F2000000008000000042
22:15:44.929:
5783014B020028
22:15:44.937:
4616010D016B
22:15:45.036:
4716010D014BB7
22:15:45.123:
578301480C4B56F2000000008000000042
22:15:45.131:
5783014B020028
22:15:45.138:
46160109046A
22:15:45.160:
471601090456F20000B3
22:15:45.321:
578301480C4B56F2000000008000000042
22:15:45.330:
5783014B020028
22:15:45.337:
46160116097C
22:15:45.366:
4716011609E0030000000000000060
22:15:45.523:
578301480C4B56F2000000008000000042
22:15:45.532:
5783014B020028
22:15:45.539:
46160108066B
22:15:45.597:
47160108060F100F001111BC
22:15:45.725:
578301480C4B56F2000000008000000042
22:15:45.733:
5783014B020028
22:15:45.741:
4616010D016B
22:15:45.759:
4716010D014BB7
22:15:45.925:
578301480C4B56F2000000008000000042
22:15:45.933:
5783014B020028
22:15:45.941:
46160109046A
22:15:45.970:
471601090457F20000B4
22:15:46.126:
578301480C4B57F2000000008000000043
22:15:46.136:
5783014B020028
22:15:46.142:
46160116097C
22:15:46.171:
4716011609E0030000000000000060
22:15:46.325:
578301480C4B57F2000000008000000043
22:15:46.334:
5783014B020028
22:15:46.341:
46160108066B
22:15:46.379:
47160108060F100F001111BC
22:15:46.528:
578301480C4B57F2000000008000000043
22:15:46.536:
5783014B020028
22:15:46.544:
4616010D016B
22:15:46.647:
4716010D014BB7
22:15:46.727:
578301480C4B57F2000000008000000043
22:15:46.735:
5783014B020028
22:15:46.743:
46160109046A
22:15:46.765:
47160109045DF20000BA
22:15:46.929:
578301480C4B5DF2000000008000000049
22:15:46.937:
5783014B020028
22:15:46.944:
46160116097C
22:15:46.973:
4716011609E0030000000000000060
22:15:47.130:
578301480C4B5DF2000000008000000049
22:15:47.139:
5783014B020028
22:15:47.146:
46160108066B
22:15:47.193:
47160108060F100F001111BC
22:15:47.329:
578301480C4B5DF2000000008000000049
22:15:47.338:
5783014B020028
22:15:47.345:
4616010D016B
22:15:47.364:
4716010D014BB7
22:15:47.531:
578301480C4B5DF2000000008000000049
22:15:47.540:
5783014B020028
22:15:47.547:
46160109046A
22:15:47.568:
47160109045DF20000BA
22:15:47.731:
578301480C4B5DF2000000008000000049
22:15:47.739:
5783014B020028
22:15:47.747:
46160116097C
22:15:47.774:
4716011609E0030000000000000060
22:15:47.933:
578301480C4B5DF2000000008000000049
22:15:47.941:
5783014B020028
22:15:47.948:
46160108066B
22:15:47.986:
47160108060F100F001111BC
22:15:48.134:
578301480C4B5DF2000000008000000049
22:15:48.143:
5783014B020028
22:15:48.150:
4616010D016B
22:15:48.169:
4716010D014BB7
22:15:48.333:
578301480C4B5DF2000000008000000049
22:15:48.342:
5783014B020028
22:15:48.349:
46160109046A
22:15:48.372:
471601090455F20000B2
22:15:48.535:
578301480C4B55F2000000008000000041
22:15:48.544:
5783014B020028
22:15:48.551:
46160116097C
22:15:48.579:
4716011609E0030000000000000060
22:15:48.737:
578301480C4B55F2000000008000000041
22:15:48.745:
5783014B020028
22:15:48.753:
46160108066B
22:15:48.799:
47160108060F100F001111BC
22:15:48.937:
578301480C4B55F2000000008000000041
22:15:48.945:
5783014B020028
22:15:48.953:
4616010D016B
22:15:49.044:
4716010D014BB7
22:15:49.138:
578301480C4B55F2000000008000000041
22:15:49.147:
5783014B020028
22:15:49.154:
46160109046A
22:15:49.177:
471601090455F20000B2
22:15:49.337:
578301480C4B55F2000000008000000041
22:15:49.346:
5783014B020028
22:15:49.353:
46160116097C
22:15:49.381:
4716011609E0030000000000000060
22:15:49.540:
578301480C4B55F2000000008000000041
22:15:49.549:
5783014B020028
22:15:49.556:
46160108066B
22:15:49.602:
47160108060F100F001111BC
22:15:49.740:
578301480C4B55F2000000008000000041
22:15:49.748:
5783014B020028
22:15:49.756:
4616010D016B
22:15:49.774:
4716010D014BB7
22:15:49.942:
578301480C4B55F2000000008000000041
22:15:49.950:
5783014B020028
22:15:49.958:
46160109046A
22:15:49.980:
471601090457F20000B4
22:15:50.141:
578301480C4B57F2000000008000000043
22:15:50.149:
5783014B020028
22:15:50.157:
46160116097C
22:15:50.184:
4716011609E0030000000000000060
22:15:50.343:
578301480C4B57F2000000008000000043
22:15:50.351:
5783014B020028
22:15:50.358:
46160108066B
22:15:50.404:
47160108060F100F001111BC
22:15:50.545:
578301480C4B57F2000000008000000043
22:15:50.553:
5783014B020028
22:15:50.560:
4616010D016B
22:15:50.658:
4716010D014BB7
22:15:50.743:
578301480C4B57F2000000008000000043
22:15:50.751:
5783014B020028
22:15:50.759:
46160109046A
22:15:50.781:
471601090457F20000B4
22:15:50.945:
578301480C4B57F2000000008000000043
22:15:50.953:
5783014B020028
22:15:50.961:
46160116097C
22:15:50.989:
4716011609E0030000000000000060
22:15:51.147:
578301480C4B57F2000000008000000043
22:15:51.156:
5783014B020028
22:15:51.162:
46160108066B
22:15:51.209:
47160108060F100F001111BC
22:15:51.345:
578301480C4B57F2000000008000000043
22:15:51.354:
5783014B020028
22:15:51.361:
4616010D016B
22:15:51.380:
4716010D014BB7
22:15:51.547:
578301480C4B57F2000000008000000043
22:15:51.556:
5783014B020028
22:15:51.563:
46160109046A
22:15:51.586:
471601090455F20000B2
22:15:51.749:
578301480C4B55F2000000008000000041
22:15:51.757:
5783014B020028
22:15:51.765:
46160116097C
22:15:51.793:
4716011609E0030000000000000060
22:15:51.949:
578301480C4B55F2000000008000000041
22:15:51.957:
5783014B020028
22:15:51.965:
46160108066B
22:15:52.001:
47160108060F100F001111BC
22:15:52.150:
578301480C4B55F2000000008000000041
22:15:52.159:
5783014B020028
22:15:52.167:
4616010D016B
22:15:52.185:
4716010D014BB7
22:15:52.349:
578301480C4B55F2000000008000000041
22:15:52.358:
5783014B020028
22:15:52.366:
46160109046A
22:15:52.387:
471601090455F20000B2
22:15:52.552:
578301480C4B55F2000000008000000041
22:15:52.561:
5783014B020028
22:15:52.568:
46160116097C
22:15:52.596:
4716011609E0030000000000000060
22:15:52.751:
578301480C4B55F2000000008000000041
22:15:52.759:
5783014B020028
22:15:52.767:
46160108066B
22:15:52.790:
47160108060F100F001111BC
22:15:52.952:
578301480C4B55F2000000008000000041
22:15:52.961:
5783014B020028
22:15:52.968:
4616010D016B
22:15:53.051:
4716010D014BB7
22:15:53.155:
578301480C4B55F2000000008000000041
22:15:53.163:
5783014B020028
22:15:53.171:
46160109046A
22:15:53.192:
471601090455F20000B2
22:15:53.353:
578301480C4B55F2000000008000000041
22:15:53.362:
5783014B020028
22:15:53.369:
46160116097C
22:15:53.397:
4716011609E0030000000000000060
22:15:53.555:
578301480C4B55F2000000008000000041
22:15:53.564:
5783014B020028
22:15:53.571:
46160108066B
22:15:53.608:
47160108060F100F001111BC
22:15:53.755:
578301480C4B55F2000000008000000041
22:15:53.763:
5783014B020028
22:15:53.771:
4616010D016B
22:15:53.805:
4716010D014BB7
22:15:53.957:
578301480C4B55F2000000008000000041
22:15:53.965:
5783014B020028
22:15:53.973:
46160109046A
22:15:53.995:
471601090457F20000B4
22:15:54.158:
578301480C4B57F2000000008000000043
22:15:54.167:
5783014B020028
22:15:54.174:
46160116097C
22:15:54.202:
4716011609E0030000000000000060
22:15:54.357:
578301480C4B57F2000000008000000043
22:15:54.366:
5783014B020028
22:15:54.373:
46160108066B
22:15:54.399:
47160108060F100F001111BC
22:15:54.559:
578301480C4B57F2000000008000000043
22:15:54.567:
5783014B020028
22:15:54.575:
4616010D016B
22:15:54.669:
4716010D014BB7
22:15:54.761:
578301480C4B57F2000000008000000043
22:15:54.769:
5783014B020028
22:15:54.777:
46160109046A
22:15:54.802:
471601090458F20000B5
22:15:54.960:
578301480C4B58F2000000008000000044
22:15:54.968:
5783014B020028
22:15:54.976:
46160116097C
22:15:55.003:
4716011609E0030000000000000060
22:15:55.161:
578301480C4B58F2000000008000000044
22:15:55.170:
5783014B020028
22:15:55.177:
46160108066B
22:15:55.214:
47160108060F100F001111BC
22:15:55.363:
578301480C4B58F2000000008000000044
22:15:55.372:
5783014B020028
22:15:55.379:
4616010D016B
22:15:55.455:
4716010D014BB7
22:15:55.562:
578301480C4B58F2000000008000000044
22:15:55.570:
5783014B020028
22:15:55.578:
46160109046A
22:15:55.600:
471601090457F20000B4
22:15:55.764:
578301480C4B57F2000000008000000043
22:15:55.772:
5783014B020028
22:15:55.780:
46160116097C
22:15:55.808:
4716011609E0030000000000000060
22:15:55.964:
578301480C4B57F2000000008000000043
22:15:55.972:
5783014B020028
22:15:55.979:
46160108066B
22:15:56.007:
47160108060F100F001111BC
22:15:56.165:
578301480C4B57F2000000008000000043
22:15:56.174:
5783014B020028
22:15:56.181:
4616010D016B
22:15:56.273:
4716010D014BB7
22:15:56.367:
578301480C4B57F2000000008000000043
22:15:56.376:
5783014B020028
22:15:56.383:
46160109046A
22:15:56.405:
471601090457F20000B4
22:15:56.566:
578301480C4B57F2000000008000000043
22:15:56.574:
5783014B020028
22:15:56.582:
46160116097C
22:15:56.610:
4716011609E0030000000000000060
22:15:56.768:
578301480C4B57F2000000008000000043
22:15:56.777:
5783014B020028
22:15:56.784:
46160108066B
22:15:56.808:
47160108060F100F001111BC
22:15:56.967:
578301480C4B57F2000000008000000043
22:15:56.976:
5783014B020028
22:15:56.983:
4616010D016B
22:15:57.057:
4716010D014BB7
22:15:57.169:
578301480C4B57F2000000008000000043
22:15:57.178:
5783014B020028
22:15:57.185:
46160109046A
22:15:57.207:
471601090457F20000B4
22:15:57.372:
578301480C4B57F2000000008000000043
22:15:57.380:
5783014B020028
22:15:57.387:
46160116097C
22:15:57.415:
4716011609E0030000000000000060
22:15:57.570:
578301480C4B57F2000000008000000043
22:15:57.578:
5783014B020028
22:15:57.586:
46160108066B
22:15:57.623:
47160108060F100F001111BC
22:15:57.773:
578301480C4B57F2000000008000000043
22:15:57.781:
5783014B020028
22:15:57.789:
4616010D016B
22:15:57.807:
4716010D014BB7
22:15:57.972:
578301480C4B57F2000000008000000043
22:15:57.980:
5783014B020028
22:15:57.987:
46160109046A
22:15:58.009:
471601090458F20000B5
22:15:58.174:
578301480C4B58F2000000008000000044
22:15:58.183:
5783014B020028
22:15:58.189:
46160116097C
22:15:58.218:
4716011609E0030000000000000060
22:15:58.375:
578301480C4B58F2000000008000000044
22:15:58.383:
5783014B020028
22:15:58.391:
46160108066B
22:15:58.416:
47160108060F100F001111BC
22:15:58.574:
578301480C4B58F2000000008000000044
22:15:58.582:
5783014B020028
22:15:58.590:
4616010D016B
22:15:58.675:
4716010D014BB7
22:15:58.776:
578301480C4B58F2000000008000000044
22:15:58.784:
5783014B020028
22:15:58.792:
46160109046A
22:15:58.815:
471601090453F20000B0
22:15:58.975:
578301480C4B53F200000000800000003F
22:15:58.984:
5783014B020028
22:15:58.992:
46160116097C
22:15:59.019:
4716011609E0030000000000000060
22:15:59.177:
578301480C4B53F200000000800000003F
22:15:59.186:
5783014B020028
22:15:59.193:
46160108066B
22:15:59.238:
47160108060F100F001111BC
22:15:59.379:
578301480C4B53F200000000800000003F
22:15:59.388:
5783014B020028
22:15:59.395:
4616010D016B
22:15:59.469:
4716010D014BB7
22:15:59.578:
578301480C4B53F200000000800000003F
22:15:59.586:
5783014B020028
22:15:59.594:
46160109046A
22:15:59.617:
471601090449F20000A6
22:15:59.780:
578301480C4B49F2000000008000000035
22:15:59.788:
5783014B020028
22:15:59.796:
46160116097C
22:15:59.841:
4716011609E0030000000000000060
22:15:59.982:
578301480C4B49F2000000008000000035
22:15:59.990:
5783014B020028
22:15:59.998:
46160108066B
22:16:00.022:
47160108060F100F001111BC
22:16:00.181:
578301480C4B49F2000000008000000035
22:16:00.190:
5783014B020028
22:16:00.198:
4616010D016B
22:16:00.289:
4716010D014BB7
22:16:00.383:
578301480C4B49F2000000008000000035
22:16:00.392:
5783014B020028
22:16:00.399:
46160109046A
22:16:00.422:
471601090456F20000B3
22:16:00.582:
578301480C4B56F2000000008000000042
22:16:00.590:
5783014B020028
22:16:00.598:
46160116097C
22:16:00.625:
4716011609E0030000000000000060
22:16:00.785:
578301480C4B56F2000000008000000042
22:16:00.793:
5783014B020028
22:16:00.801:
46160108066B
22:16:00.825:
47160108060F100F001111BC
22:16:00.984:
578301480C4B56F2000000008000000042
22:16:00.993:
5783014B020028
22:16:01.001:
4616010D016B
22:16:01.073:
4716010D014BB7
22:16:01.184:
578301480C4B56F2000000008000000042
22:16:01.193:
5783014B020028
22:16:01.200:
46160109046A
22:16:01.222:
471601090456F20000B3
22:16:01.386:
578301480C4B56F2000000008000000042
22:16:01.394:
5783014B020028
22:16:01.402:
46160116097C
22:16:01.431:
4716011609E0030000000000000060
22:16:01.588:
578301480C4B56F2000000008000000042
22:16:01.596:
5783014B020028
22:16:01.604:
46160108066B
22:16:01.628:
47160108060F100F001111BC
22:16:01.787:
578301480C4B56F2000000008000000042
22:16:01.795:
5783014B020028
22:16:01.803:
4616010D016B
22:16:01.879:
4716010D014BB7
22:16:01.988:
578301480C4B56F2000000008000000042
22:16:01.997:
5783014B020028
22:16:02.004:
46160109046A
22:16:02.027:
471601090456F20000B3
22:16:02.191:
578301480C4B56F2000000008000000042
22:16:02.199:
5783014B020028
22:16:02.207:
46160116097C
22:16:02.234:
4716011609E0030000000000000060
22:16:02.390:
578301480C4B56F2000000008000000042
22:16:02.399:
5783014B020028
22:16:02.406:
46160108066B
22:16:02.430:
47160108060F100F001111BC
22:16:02.592:
578301480C4B56F2000000008000000042
22:16:02.601:
5783014B020028
22:16:02.608:
4616010D016B
22:16:02.696:
4716010D014BB7
22:16:02.791:
578301480C4B56F2000000008000000042
22:16:02.799:
5783014B020028
22:16:02.807:
46160109046A
22:16:02.828:
471601090458F20000B5
22:16:02.993:
578301480C4B58F2000000008000000044
22:16:03.002:
5783014B020028
22:16:03.009:
46160116097C
22:16:03.037:
4716011609E0030000000000000060
22:16:03.193:
578301480C4B58F2000000008000000044
22:16:03.201:
5783014B020028
22:16:03.208:
46160108066B
22:16:03.234:
47160108060F100F001111BC
22:16:03.394:
578301480C4B58F2000000008000000044
22:16:03.402:
5783014B020028
22:16:03.410:
4616010D016B
22:16:03.478:
4716010D014BB7
22:16:03.596:
578301480C4B58F2000000008000000044
22:16:03.604:
5783014B020028
22:16:03.612:
46160109046A
22:16:03.634:
471601090454F20000B1
22:16:03.794:
578301480C4B54F2000000008000000040
22:16:03.803:
5783014B020028
22:16:03.811:
46160116097C
22:16:03.838:
4716011609E0030000000000000060
22:16:03.996:
578301480C4B54F2000000008000000040
22:16:04.005:
5783014B020028
22:16:04.012:
46160108066B
22:16:04.037:
47160108060F100F001111BC
22:16:04.196:
578301480C4B54F2000000008000000040
22:16:04.205:
5783014B020028
22:16:04.212:
4616010D016B
22:16:04.295:
4716010D014BB7
22:16:04.398:
578301480C4B54F2000000008000000040
22:16:04.406:
5783014B020028
22:16:04.414:
46160109046A
22:16:04.436:
471601090456F20000B3
22:16:04.600:
578301480C4B56F2000000008000000042
22:16:04.608:
5783014B020028
22:16:04.616:
46160116097C
22:16:04.643:
4716011609E0030000000000000060
22:16:04.799:
578301480C4B56F2000000008000000042
22:16:04.807:
5783014B020028
22:16:04.815:
46160108066B
22:16:04.841:
47160108060F100F001111BC
22:16:05.000:
578301480C4B56F2000000008000000042
22:16:05.009:
5783014B020028
22:16:05.016:
4616010D016B
22:16:05.077:
4716010D014BB7
22:16:05.202:
578301480C4B56F2000000008000000042
22:16:05.211:
5783014B020028
22:16:05.218:
46160109046A
22:16:05.243:
471601090456F20000B3
22:16:05.402:
578301480C4B56F2000000008000000042
22:16:05.411:
5783014B020028
22:16:05.418:
46160116097C
22:16:05.445:
4716011609E0030000000000000060
22:16:05.604:
578301480C4B56F2000000008000000042
22:16:05.612:
5783014B020028
22:16:05.620:
46160108066B
22:16:05.645:
47160108060F100F001111BC
22:16:05.803:
578301480C4B56F2000000008000000042
22:16:05.811:
5783014B020028
22:16:05.819:
4616010D016B
22:16:05.892:
4716010D014BB7
22:16:06.005:
578301480C4B56F2000000008000000042
22:16:06.014:
5783014B020028
22:16:06.021:
46160109046A
22:16:06.043:
471601090456F20000B3
22:16:06.204:
578301480C4B56F2000000008000000042
22:16:06.213:
5783014B020028
22:16:06.221:
46160116097C
22:16:06.248:
4716011609E0030000000000000060
22:16:06.406:
578301480C4B56F2000000008000000042
22:16:06.414:
5783014B020028
22:16:06.422:
46160108066B
22:16:06.461:
47160108060F100F001111BC
22:16:06.608:
578301480C4B56F2000000008000000042
22:16:06.616:
5783014B020028
22:16:06.624:
4616010D016B
22:16:06.705:
4716010D014BB7
22:16:06.806:
578301480C4B56F2000000008000000042
22:16:06.815:
5783014B020028
22:16:06.823:
46160109046A
22:16:06.844:
471601090456F20000B3
22:16:07.008:
578301480C4B56F2000000008000000042
22:16:07.017:
5783014B020028
22:16:07.024:
46160116097C
22:16:07.052:
4716011609E0030000000000000060
22:16:07.208:
578301480C4B56F2000000008000000042
22:16:07.217:
5783014B020028
22:16:07.224:
46160108066B
22:16:07.249:
47160108060F100F001111BC
22:16:07.410:
578301480C4B56F2000000008000000042
22:16:07.418:
5783014B020028
22:16:07.426:
4616010D016B
22:16:07.493:
4716010D014BB7
22:16:07.612:
578301480C4B56F2000000008000000042
22:16:07.620:
5783014B020028
22:16:07.628:
46160109046A
22:16:07.649:
47160109045BF20000B8
22:16:07.811:
578301480C4B5BF2000000008000000047
22:16:07.819:
5783014B020028
22:16:07.827:
46160116097C
22:16:07.854:
4716011609E0030000000000000060
22:16:08.012:
578301480C4B5BF2000000008000000047
22:16:08.021:
5783014B020028
22:16:08.028:
46160108066B
22:16:08.070:
47160108060F100F001111BC
22:16:08.214:
578301480C4B5BF2000000008000000047
22:16:08.223:
5783014B020028
22:16:08.230:
4616010D016B
22:16:08.311:
4716010D014BB7
22:16:08.414:
578301480C4B5BF2000000008000000047
22:16:08.423:
5783014B020028
22:16:08.430:
46160109046A
22:16:08.452:
471601090457F20000B4
22:16:08.616:
578301480C4B57F2000000008000000043
22:16:08.624:
5783014B020028
22:16:08.632:
46160116097C
22:16:08.676:
4716011609E0030000000000000060
22:16:08.815:
578301480C4B57F2000000008000000043
22:16:08.823:
5783014B020028
22:16:08.831:
46160108066B
22:16:08.855:
47160108060F100F001111BC
22:16:09.018:
578301480C4B57F2000000008000000043
22:16:09.026:
5783014B020028
22:16:09.033:
4616010D016B
22:16:09.092:
4716010D014BB7
22:16:09.217:
578301480C4B57F2000000008000000043
22:16:09.225:
5783014B020028
22:16:09.233:
46160109046A
22:16:09.271:
471601090457F20000B4
22:16:09.418:
578301480C4B57F2000000008000000043
22:16:09.427:
5783014B020028
22:16:09.434:
46160116097C
22:16:09.462:
4716011609E0030000000000000060
22:16:09.620:
578301480C4B57F2000000008000000043
22:16:09.629:
5783014B020028
22:16:09.636:
46160108066B
22:16:09.661:
47160108060F100F001111BC
22:16:09.820:
578301480C4B57F2000000008000000043
22:16:09.828:
5783014B020028
22:16:09.836:
4616010D016B
22:16:09.908:
4716010D014BB7
22:16:10.021:
578301480C4B57F2000000008000000043
22:16:10.030:
5783014B020028
22:16:10.037:
46160109046A
22:16:10.060:
471601090456F20000B3
22:16:10.220:
578301480C4B56F2000000008000000042
22:16:10.229:
5783014B020028
22:16:10.236:
46160116097C
22:16:10.264:
4716011609E0030000000000000060
22:16:10.422:
578301480C4B56F2000000008000000042
22:16:10.431:
5783014B020028
22:16:10.438:
46160108066B
22:16:10.463:
47160108060F100F001111BC
22:16:10.624:
578301480C4B56F2000000008000000042
22:16:10.632:
5783014B020028
22:16:10.640:
4616010D016B
22:16:10.700:
4716010D014BB7
22:16:10.823:
578301480C4B56F2000000008000000042