22:20:35.235:
578301480C4B52F20000000000000000BE
22:20:35.242:
46160109046A
22:20:35.265:
471601090458F20000B5
22:20:35.424:
5783014B020028
22:20:35.431:
46160116097C
22:20:35.459:
4716011609E0030000000000000060
22:20:35.635:
578301480C4B58F20000000000000000C4
22:20:35.643:
46160108066B
22:20:35.673:
47160108060F0F0F001111BB
22:20:35.828:
5783014B020028
22:20:35.835:
4616010D016B
22:20:35.939:
4716010D014BB7
22:20:36.037:
578301480C4B58F20000000000000000C4
22:20:36.044:
46160109046A
22:20:36.067:
471601090458F20000B5
22:20:36.229:
5783014B020028
22:20:36.237:
46160116097C
22:20:36.265:
4716011609E0030000000000000060
22:20:36.441:
578301480C4B58F20000000000000000C4
22:20:36.448:
46160108066B
22:20:36.488:
47160108060F0F0F001111BB
22:20:36.630:
5783014B020028
22:20:36.637:
4616010D016B
22:20:36.656:
4716010D014BB7
22:20:36.848:
5B494B92929A92929202120292929292929292120292929292929292129202929292929292120252929292929292929202929292929292021212129292929292
22:20:36.926:
92929212929292929292125202929292929292929212129292929292921202129292929292929212020292929292921212121292929292929292121292929212
22:20:37.003:
92921202020292929292929292020202929292929212020202929292129292120212929292129292021292029292929212921202129292929292929212120292
22:20:37.080:
92929292920202129292929212921212020292929292929212021292929292929212121212928292929212121202929292929212121202129292929292921292
22:20:37.157:
02929292929292021212929292929292921212929292929292921202029292929292929212129212929292929212124292929292929212021292929292929212
22:20:37.234:
12129292829292921212921292929292929212029292928292929212120292929292929292121202929292929292121202929292929292121212129292929292
22:20:37.311:
12025202929292929212921212929292929292920212029292929292929212029292929292929202120292929292929292020292929292929212129202929292
22:20:37.388:
92921212020292929292921212125212929292129202121202929292929292120202929292929292021202129292929292921212120292929292921202021292
22:20:37.465:
92929292921212129292929292929212021292929292929202020292929292929212121292929292929292920202929292929292920212929292929212121202
22:20:37.542:
42929292929292120202029292929292921212029292929292921202029292929292921292021292929292929212020292929292929292121202929292929292
22:20:37.618:
925212929292129292920202929292929292920212029292929292929212021292929292921202020A9292929292121202120292929292929212121292929292
22:20:37.696:
92921202129292929292921292129292929292929212120292929292929212120212929292929292121212929292929292925212929292929292120202029292
22:20:37.772:
92929212121212929292929292121202029292929292120202029292929292921202129292929292929212020292929292929212021212929212929202120212
22:20:37.848:
92929292129212120202921292921212120202929212929292121212029292129292921212129292929292921202029292929292921202121292929292929212
22:20:37.926:
12129292929292921202129292929292929292921292929292929292129292929292929292121212929292929292921212929292929292121212929292929292
22:20:38.003:
92121202929292929292021212929292129292129202129292929292921202029292929292929212129292929212921202021292929292929202020202929212
22:20:38.048:
9292020202029292929292921202021292929212929212001292929292929202020202F2
22:20:39.349:
461601070165
22:20:39.395:
4716010701056B
22:20:39.551:
461601070165
22:20:39.570:
4716010701056B
22:20:39.750:
461601070165
22:20:39.768:
4716010701056B
22:20:39.952:
461601070165
22:20:39.970:
4716010701056B
22:20:40.153:
46160108066B
22:20:40.230:
47160108060F0F0F001111BB
22:20:40.354:
5783014B020129
22:20:40.361:
4616010D016B
22:20:40.380:
4716010D014BB7
22:20:40.565:
578301480C4B000000000002000000007C
22:20:40.573:
46160109046A
22:20:40.596:
47160109045AF20000B7
22:20:40.755:
5783014B020129
22:20:40.762:
46160116097C
22:20:40.790:
4716011609E0030000000000000060
22:20:40.967:
578301480C4B5AF20000000200000000C8
22:20:40.974:
46160108066B
22:20:41.019:
47160108060F0F0F001111BB
22:20:41.156:
5783014B020129
22:20:41.164:
4616010D016B
22:20:41.183:
4716010D014BB7
22:20:41.369:
578301480C4B5AF20000000200000000C8
22:20:41.376:
46160109046A
22:20:41.399:
47160109045AF20000B7
22:20:41.558:
5783014B020129
22:20:41.566:
46160116097C
22:20:41.592:
4716011609E0030000000000000060
22:20:41.769:
578301480C4B5AF20000000000000000C6
22:20:41.777:
46160108066B
22:20:41.836:
47160108060F0F0F001111BB
22:20:41.962:
5783014B020129
22:20:41.969:
4616010D016B
22:20:41.988:
4716010D014BB7
22:20:42.171:
578301480C4B5AF20000000200000000C8
22:20:42.178:
46160109046A
22:20:42.219:
47160109045AF20000B7
22:20:42.363:
5783014B020129
22:20:42.371:
46160116097C
22:20:42.399:
4716011609E0030000000000000060
22:20:42.573:
578301480C4B5AF20000000200000000C8
22:20:42.580:
46160108066B
22:20:42.628:
47160108060F0F0F001111BB
22:20:42.766:
5783014B020129
22:20:42.773:
4616010D016B
22:20:42.792:
4716010D014BB7
22:20:42.974:
578301480C4B5AF20000000200000000C8
22:20:42.981:
46160109046A
22:20:43.004:
471601090455F20000B2
22:20:43.166:
5783014B022048
22:20:43.174:
46160116097C
22:20:43.201:
4716011609E0030000000000000060
22:20:43.376:
578301480C4B55F20000000200000000C3
22:20:43.383:
46160108066B
22:20:43.426:
47160108060F0F0F001111BB
22:20:43.568:
5783014B022048
22:20:43.575:
4616010D016B
22:20:43.594:
4716010D014BB7
22:20:43.777:
578301480C4B55F20000000200000000C3
22:20:43.785:
46160109046A
22:20:43.806:
47160109045AF20000B7
22:20:43.970:
5783014B022048
22:20:43.977:
46160116097C
22:20:44.005:
4716011609E0030000000000000060
22:20:44.198:
578301480C4B5AF20000000200000000C8
22:20:44.206:
46160108066B
22:20:44.244:
47160108060F0F0F001111BB
22:20:44.390:
5783014B020830
22:20:44.398:
4616010D016B
22:20:44.416:
4716010D014BB7
22:20:44.602:
578301480C4B5AF20000000200000000C8
22:20:44.609:
46160109046A
22:20:44.632:
47160109045AF20000B7
22:20:44.791:
5783014B020830
22:20:44.799:
46160116097C
22:20:44.826:
4716011609E0030000000000000060
22:20:45.003:
578301480C4B5AF20000000200000000C8
22:20:45.011:
46160108066B
22:20:45.036:
47160108060F0F0F001111BB
22:20:45.193:
5783014B020830
22:20:45.200:
4616010D016B
22:20:45.296:
4716010D014BB7
22:20:45.406:
578301480C4B5AF20000000200000000C8
22:20:45.413:
46160109046A
22:20:45.435:
47160109045BF20000B8
22:20:45.595:
5783014B020830
22:20:45.602:
46160116097C
22:20:45.630:
4716011609E0030000000000000060
22:20:45.806:
578301480C4B5BF20000000200000000C9
22:20:45.814:
46160108066B
22:20:45.840:
47160108060F0F0F001111BB
22:20:45.996:
5783014B020028
22:20:46.004:
4616010D016B
22:20:46.078:
4716010D014BB7
22:20:46.208:
578301480C4B5BF20000000200000000C9
22:20:46.216:
46160109046A
22:20:46.239:
47160109045BF20000B8
22:20:46.398:
5783014B020028
22:20:46.405:
46160116097C
22:20:46.433:
4716011609E0030000000000000060
22:20:46.610:
578301480C4B5BF20000000200000000C9
22:20:46.617:
46160108066B
22:20:46.641:
47160108060F0F0F001111BB
22:20:46.799:
5783014B020028
22:20:46.806:
4616010D016B
22:20:46.898:
4716010D014BB7
22:20:47.010:
578301480C4B5BF20000000000000000C7
22:20:47.018:
46160109046A
22:20:47.040:
471601090458F20000B5
22:20:47.200:
5783014B020028
22:20:47.207:
46160116097C
22:20:47.244:
4716011609E0030000000000000060
22:20:47.411:
578301480C4B58F20000000000000000C4
22:20:47.419:
46160108066B
22:20:47.443:
47160108060F0F0F001111BB
22:20:47.603:
5783014B020028
22:20:47.610:
4616010D016B
22:20:47.683:
4716010D014BB7
22:20:47.812:
578301480C4B58F20000000000000000C4
22:20:47.820:
46160109046A
22:20:47.842:
47160109045DF20000BA
22:20:48.006:
5783014B020028
22:20:48.012:
46160116097C
22:20:48.040:
4716011609E0030000000000000060
22:20:48.216:
578301480C4B5DF20000000000000000C9
22:20:48.223:
46160108066B
22:20:48.248:
47160108060F0F0F001111BB
22:20:48.405:
5783014B020028
22:20:48.413:
4616010D016B
22:20:48.489:
4716010D014BB7
22:20:48.617:
578301480C4B5DF20000000000000000C9
22:20:48.624:
46160109046A
22:20:48.646:
47160109045DF20000BA
22:20:48.806:
5783014B020028
22:20:48.814:
46160116097C
22:20:48.841:
4716011609E0030000000000000060
22:20:49.017:
578301480C4B5DF20000000000000000C9
22:20:49.025:
46160108066B
22:20:49.049:
47160108060F0F0F001111BB
22:20:49.209:
5783014B020028
22:20:49.217:
4616010D016B
22:20:49.301:
4716010D014BB7
22:20:49.419:
578301480C4B5DF20000000000000000C9
22:20:49.426:
46160109046A
22:20:49.448:
47160109045BF20000B8
22:20:49.611:
5783014B020028
22:20:49.618:
46160116097C
22:20:49.646:
4716011609E0030000000000000060
22:20:49.823:
578301480C4B5BF20000000000000000C7
22:20:49.830:
46160108066B
22:20:49.855:
47160108060F0F0F001111BB
22:20:50.012:
5783014B020028
22:20:50.019:
4616010D016B
22:20:50.094:
4716010D014BB7
22:20:50.223:
578301480C4B5BF20000000000000000C7
22:20:50.230:
46160109046A
22:20:50.252:
47160109045BF20000B8
22:20:50.412:
5783014B020028
22:20:50.420:
46160116097C
22:20:50.451:
4716011609E0030000000000000060
22:20:50.624:
578301480C4B5BF20000000000000000C7
22:20:50.632:
46160108066B
22:20:50.656:
47160108060F0F0F001111BB
22:20:50.815:
5783014B020028
22:20:50.821:
4616010D016B
22:20:50.912:
4716010D014BB7
22:20:51.025:
578301480C4B5BF20000000000000000C7
22:20:51.033:
46160109046A
22:20:51.073:
471601090457F20000B4
22:20:51.217:
5783014B020028
22:20:51.225:
46160116097C
22:20:51.253:
4716011609E0030000000000000060
22:20:51.429:
578301480C4B57F20000000000000000C3
22:20:51.436:
46160108066B
22:20:51.462:
47160108060F0F0F001111BB
22:20:51.619:
5783014B020028
22:20:51.626:
4616010D016B
22:20:51.717:
4716010D014BB7
22:20:51.830:
578301480C4B57F20000000000000000C3
22:20:51.838:
46160109046A
22:20:51.859:
471601090454F20000B1
22:20:52.019:
5783014B020028
22:20:52.027:
46160116097C
22:20:52.055:
4716011609E0030000000000000060
22:20:52.231:
578301480C4B54F20000000000000000C0
22:20:52.238:
46160108066B
22:20:52.265:
47160108060F0F0F001111BB
22:20:52.420:
5783014B020028
22:20:52.428:
4616010D016B
22:20:52.447:
4716010D014BB7
22:20:52.631:
578301480C4B54F20000000000000000C0
22:20:52.639:
46160109046A
22:20:52.660:
471601090454F20000B1
22:20:52.824:
5783014B020028
22:20:52.831:
46160116097C
22:20:52.859:
4716011609E0030000000000000060
22:20:53.033:
578301480C4B54F20000000000000000C0
22:20:53.041:
46160108066B
22:20:53.065:
47160108060F0F0F001111BB
22:20:53.225:
5783014B020028
22:20:53.234:
4616010D016B
22:20:53.318:
4716010D014BB7
22:20:53.437:
578301480C4B54F20000000000000000C0
22:20:53.444:
46160109046A
22:20:53.466:
47160109045AF20000B7
22:20:53.626:
5783014B020028
22:20:53.633:
46160116097C
22:20:53.662:
4716011609E0030000000000000060
22:20:53.838:
578301480C4B5AF20000000000000000C6
22:20:53.845:
46160108066B
22:20:53.869:
47160108060F0F0F001111BB
22:20:54.026:
5783014B020028
22:20:54.034:
4616010D016B
22:20:54.105:
4716010D014BB7
22:20:54.238:
578301480C4B5AF20000000000000000C6
22:20:54.246:
46160109046A
22:20:54.268:
47160109045BF20000B8
22:20:54.431:
5783014B020028
22:20:54.438:
46160116097C
22:20:54.466:
4716011609E0030000000000000060
22:20:54.640:
578301480C4B5BF20000000000000000C7
22:20:54.647:
46160108066B
22:20:54.671:
47160108060F0F0F001111BB
22:20:54.832:
5783014B020028
22:20:54.840:
4616010D016B
22:20:54.914:
4716010D014BB7
22:20:55.043:
578301480C4B5BF20000000000000000C7
22:20:55.050:
46160109046A
22:20:55.072:
47160109045BF20000B8
22:20:55.232:
5783014B020028
22:20:55.240:
46160116097C
22:20:55.267:
4716011609E0030000000000000060
22:20:55.444:
578301480C4B5BF20000000000000000C7
22:20:55.451:
46160108066B
22:20:55.474:
47160108060F0F0F001111BB
22:20:55.633:
5783014B020028
22:20:55.640:
4616010D016B
22:20:55.694:
4716010D014BB7
22:20:55.846:
578301480C4B5BF20000000000000000C7
22:20:55.853:
46160109046A
22:20:55.875:
471601090453F20000B0
22:20:56.035:
5783014B020028
22:20:56.042:
46160116097C
22:20:56.069:
4716011609E0030000000000000060
22:20:56.247:
578301480C4B53F20000000000000000BF
22:20:56.255:
46160108066B
22:20:56.278:
47160108060F0F0F001111BB
22:20:56.436:
5783014B020028
22:20:56.444:
4616010D016B
22:20:56.519:
4716010D014BB7
22:20:56.648:
578301480C4B53F20000000000000000BF
22:20:56.656:
46160109046A
22:20:56.677:
471601090453F20000B0
22:20:56.838:
5783014B020028
22:20:56.845:
46160116097C
22:20:56.872:
4716011609E0030000000000000060
22:20:57.049:
578301480C4B53F20000000000000000BF
22:20:57.057:
46160108066B
22:20:57.080:
47160108060F0F0F001111BB
22:20:57.242:
5783014B020028
22:20:57.249:
4616010D016B
22:20:57.312:
4716010D014BB7
22:20:57.451:
578301480C4B53F20000000000000000BF
22:20:57.458:
46160109046A
22:20:57.481:
471601090455F20000B2
22:20:57.643:
5783014B020028
22:20:57.650:
46160116097C
22:20:57.679:
4716011609E0030000000000000060