22:20:13.288:
92921292929212020292921292921292021292929292929292120202929292929212120212929292929292120212129292129292920202029292929292921202
22:20:13.364:
12029292929212120202020292929212929202021292929212929212021212929292929212021202929292129212020212929292929292920212029292929292
22:20:13.441:
92421212929292929292124212129292929292929202029292929292924212020292929212929252121292929292929202021212929292929202125212929292
22:20:13.518:
92121212120202929292129292121242929292929292120212129292929292120202029292929292921202021292929292929212020292929292929212121292
22:20:13.594:
92929292920212020292929292929212121212929292929202120202929292929292921212129292929292120212129292929292920252029292929292921202
22:20:13.671:
02029292929292120252129292929292921202020292929292929202020292929292929292120202929292929212121212929292929292120202029292921292
22:20:13.747:
92025212929212929212121212029292129292121212129292921292120202029292929292929212020292929292929212020292929292929212121212929292
22:20:13.824:
92921212021202929292129292920202929292929292921202929292929292921202129292929292921202129292929292921202520292929292129212021292
22:20:13.901:
92929292921202020A92929292921202025202929292929202121202929292929292921202929292929292121212129292929292921202029292929292929212
22:20:13.978:
02929292929292920212929292929292921202129292929212921202020292929292929202121292929292929202121202929292929212120A02929292929292
22:20:14.055:
12020202929292929292121202929292929292121212929292921292121212129292929292929212129292929292929212020292929292929212021292929292
22:20:14.132:
92929292129292929292921202120292929292929212021292929292929212121292929292929292121292929292929292120202929292929292021212129292
22:20:14.209:
92929212120212929292929292921202929292929292921202129292929292929202021292921292921202020292929292921202020292929292929212120212
22:20:14.224:
92929292929212121292FE
22:20:15.526:
461601070165
22:20:15.601:
4716010701056B
22:20:15.727:
461601070165
22:20:15.745:
4716010701056B
22:20:15.926:
461601070165
22:20:15.944:
4716010701056B
22:20:16.128:
461601070165
22:20:16.151:
4716010701056B
22:20:16.329:
46160108066B
22:20:16.429:
47160108060F0F0F001111BB
22:20:16.529:
5783014B020129
22:20:16.537:
4616010D016B
22:20:16.555:
4716010D014BB7
22:20:16.741:
578301480C4B000000000002000000007C
22:20:16.749:
46160109046A
22:20:16.771:
471601090457F20000B4
22:20:16.931:
5783014B020129
22:20:16.938:
46160116097C
22:20:16.982:
4716011609E0030000000000000060
22:20:17.143:
578301480C4B57F20000000000000000C3
22:20:17.151:
46160108066B
22:20:17.224:
47160108060F0F0F001111BB
22:20:17.332:
5783014B020129
22:20:17.340:
4616010D016B
22:20:17.359:
4716010D014BB7
22:20:17.545:
578301480C4B57F20000000200000000C5
22:20:17.552:
46160109046A
22:20:17.574:
471601090457F20000B4
22:20:17.735:
5783014B020129
22:20:17.741:
46160116097C
22:20:17.770:
4716011609E0030000000000000060
22:20:17.946:
578301480C4B57F20000000200000000C5
22:20:17.954:
46160108066B
22:20:18.013:
47160108060F0F0F001111BB
22:20:18.136:
5783014B020129
22:20:18.143:
4616010D016B
22:20:18.177:
4716010D014BB7
22:20:18.348:
578301480C4B57F20000000200000000C5
22:20:18.355:
46160109046A
22:20:18.378:
471601090459F20000B6
22:20:18.537:
5783014B020129
22:20:18.545:
46160116097C
22:20:18.571:
4716011609E0030000000000000060
22:20:18.748:
578301480C4B59F20000000200000000C7
22:20:18.756:
46160108066B
22:20:18.840:
47160108060F0F0F001111BB
22:20:18.942:
5783014B020129
22:20:18.948:
4616010D016B
22:20:18.967:
4716010D014BB7
22:20:19.151:
578301480C4B59F20000000200000000C7
22:20:19.157:
46160109046A
22:20:19.180:
471601090458F20000B5
22:20:19.343:
5783014B021038
22:20:19.350:
46160116097C
22:20:19.378:
4716011609E0030000000000000060
22:20:19.571:
578301480C4B58F20000000200000000C6
22:20:19.578:
46160108066B
22:20:19.622:
47160108060F0F0F001111BB
22:20:19.764:
5783014B022048
22:20:19.771:
4616010D016B
22:20:19.789:
4716010D014BB7
22:20:19.974:
578301480C4B58F20000000200000000C6
22:20:19.982:
46160109046A
22:20:20.004:
471601090458F20000B5
22:20:20.164:
5783014B022048
22:20:20.171:
46160116097C
22:20:20.211:
4716011609E0030000000000000060
22:20:20.375:
578301480C4B58F20000000200000000C6
22:20:20.383:
46160108066B
22:20:20.438:
47160108060F0F0F001111BB
22:20:20.564:
5783014B022048
22:20:20.572:
4616010D016B
22:20:20.590:
4716010D014BB7
22:20:20.777:
578301480C4B58F20000000200000000C6
22:20:20.784:
46160109046A
22:20:20.806:
471601090458F20000B5
22:20:20.967:
5783014B022048
22:20:20.973:
46160116097C
22:20:21.001:
4716011609E0030000000000000060
22:20:21.179:
578301480C4B58F20000000000000000C4
22:20:21.186:
46160108066B
22:20:21.230:
47160108060F0F0F001111BB
22:20:21.368:
5783014B020028
22:20:21.375:
4616010D016B
22:20:21.411:
4716010D014BB7
22:20:21.580:
578301480C4B58F20000000000000000C4
22:20:21.587:
46160109046A
22:20:21.609:
471601090458F20000B5
22:20:21.770:
5783014B020028
22:20:21.777:
46160116097C
22:20:21.805:
4716011609E0030000000000000060
22:20:21.981:
578301480C4B58F20000000000000000C4
22:20:21.988:
46160108066B
22:20:22.034:
47160108060F0F0F001111BB
22:20:22.173:
5783014B020028
22:20:22.180:
4616010D016B
22:20:22.199:
4716010D014BB7
22:20:22.383:
578301480C4B58F20000000000000000C4
22:20:22.390:
46160109046A
22:20:22.412:
47160109045BF20000B8
22:20:22.575:
5783014B020028
22:20:22.582:
46160116097C
22:20:22.610:
4716011609E0030000000000000060
22:20:22.784:
578301480C4B5BF20000000000000000C7
22:20:22.791:
46160108066B
22:20:22.856:
47160108060F0F0F001111BB
22:20:22.976:
5783014B020028
22:20:22.984:
4616010D016B
22:20:23.002:
4716010D014BB7
22:20:23.185:
578301480C4B5BF20000000000000000C7
22:20:23.193:
46160109046A
22:20:23.215:
47160109045AF20000B7
22:20:23.377:
5783014B020028
22:20:23.385:
46160116097C
22:20:23.413:
4716011609E0030000000000000060
22:20:23.589:
578301480C4B5AF20000000000000000C6
22:20:23.597:
46160108066B
22:20:23.638:
47160108060F0F0F001111BB
22:20:23.779:
5783014B020028
22:20:23.786:
4616010D016B
22:20:23.805:
4716010D014BB7
22:20:23.989:
578301480C4B5AF20000000000000000C6
22:20:23.997:
46160109046A
22:20:24.019:
471601090454F20000B1
22:20:24.179:
5783014B020028
22:20:24.186:
46160116097C
22:20:24.214:
4716011609E0030000000000000060
22:20:24.390:
578301480C4B54F20000000000000000C0
22:20:24.398:
46160108066B
22:20:24.452:
47160108060F0F0F001111BB
22:20:24.583:
5783014B020028
22:20:24.590:
4616010D016B
22:20:24.608:
4716010D014BB7
22:20:24.792:
578301480C4B54F20000000000000000C0
22:20:24.799:
46160109046A
22:20:24.821:
471601090459F20000B6
22:20:24.984:
5783014B020028
22:20:24.991:
46160116097C
22:20:25.019:
4716011609E0030000000000000060
22:20:25.195:
578301480C4B59F20000000000000000C5
22:20:25.203:
46160108066B
22:20:25.264:
47160108060F0F0F001111BB
22:20:25.385:
5783014B020028
22:20:25.392:
4616010D016B
22:20:25.411:
4716010D014BB7
22:20:25.596:
578301480C4B59F20000000000000000C5
22:20:25.603:
46160109046A
22:20:25.625:
471601090459F20000B6
22:20:25.785:
5783014B020028
22:20:25.793:
46160116097C
22:20:25.825:
4716011609E0030000000000000060
22:20:25.998:
578301480C4B59F20000000000000000C5
22:20:26.005:
46160108066B
22:20:26.043:
47160108060F0F0F001111BB
22:20:26.187:
5783014B020028
22:20:26.194:
4616010D016B
22:20:26.213:
4716010D014BB7
22:20:26.399:
578301480C4B59F20000000000000000C5
22:20:26.407:
46160109046A
22:20:26.428:
471601090459F20000B6
22:20:26.588:
5783014B020028
22:20:26.596:
46160116097C
22:20:26.623:
4716011609E0030000000000000060
22:20:26.801:
578301480C4B59F20000000000000000C5
22:20:26.809:
46160108066B
22:20:26.861:
47160108060F0F0F001111BB
22:20:26.990:
5783014B020028
22:20:26.998:
4616010D016B
22:20:27.016:
4716010D014BB7
22:20:27.202:
578301480C4B59F20000000000000000C5
22:20:27.209:
46160109046A
22:20:27.231:
471601090459F20000B6
22:20:27.394:
5783014B020028
22:20:27.401:
46160116097C
22:20:27.429:
4716011609E0030000000000000060
22:20:27.605:
578301480C4B59F20000000000000000C5
22:20:27.613:
46160108066B
22:20:27.652:
47160108060F0F0F001111BB
22:20:27.795:
5783014B020028
22:20:27.802:
4616010D016B
22:20:27.821:
4716010D014BB7
22:20:28.007:
578301480C4B59F20000000000000000C5
22:20:28.014:
46160109046A
22:20:28.037:
47160109045CF20000B9
22:20:28.196:
5783014B020028
22:20:28.204:
46160116097C
22:20:28.232:
4716011609E0030000000000000060
22:20:28.408:
578301480C4B5CF20000000000000000C8
22:20:28.415:
46160108066B
22:20:28.467:
47160108060F0F0F001111BB
22:20:28.597:
5783014B020028
22:20:28.604:
4616010D016B
22:20:28.623:
4716010D014BB7
22:20:28.808:
578301480C4B5CF20000000000000000C8
22:20:28.816:
46160109046A
22:20:28.838:
47160109045AF20000B7
22:20:29.001:
5783014B020028
22:20:29.008:
46160116097C
22:20:29.036:
4716011609E0030000000000000060
22:20:29.210:
578301480C4B5AF20000000000000000C6
22:20:29.218:
46160108066B
22:20:29.260:
47160108060F0F0F001111BB
22:20:29.402:
5783014B020028
22:20:29.410:
4616010D016B
22:20:29.428:
4716010D014BB7
22:20:29.613:
578301480C4B5AF20000000000000000C6
22:20:29.621:
46160109046A
22:20:29.648:
47160109045AF20000B7
22:20:29.803:
5783014B020028
22:20:29.810:
46160116097C
22:20:29.838:
4716011609E0030000000000000060
22:20:30.014:
578301480C4B5AF20000000000000000C6
22:20:30.021:
46160108066B
22:20:30.049:
47160108060F0F0F001111BB
22:20:30.203:
5783014B020028
22:20:30.211:
4616010D016B
22:20:30.302:
4716010D014BB7
22:20:30.414:
578301480C4B5AF20000000000000000C6
22:20:30.422:
46160109046A
22:20:30.444:
47160109045AF20000B7
22:20:30.607:
5783014B020028
22:20:30.614:
46160116097C
22:20:30.642:
4716011609E0030000000000000060
22:20:30.816:
578301480C4B5AF20000000000000000C6
22:20:30.823:
46160108066B
22:20:30.882:
47160108060F0F0F001111BB
22:20:31.008:
5783014B020028
22:20:31.016:
4616010D016B
22:20:31.034:
4716010D014BB7
22:20:31.220:
578301480C4B5AF20000000000000000C6
22:20:31.227:
46160109046A
22:20:31.249:
47160109045AF20000B7
22:20:31.409:
5783014B020028
22:20:31.416:
46160116097C
22:20:31.445:
4716011609E0030000000000000060