22:19:49.247:
461601070165
22:19:49.284:
4716010701056B
22:19:49.449:
461601070165
22:19:49.466:
4716010701056B
22:19:49.648:
461601070165
22:19:49.701:
4716010701056B
22:19:49.849:
461601070165
22:19:49.941:
4716010701056B
22:19:50.051:
46160108066B
22:19:50.075:
47160108060F0F0F001111BB
22:19:50.251:
5783014B020129
22:19:50.258:
4616010D016B
22:19:50.277:
4716010D014BB7
22:19:50.463:
578301480C4B000000000000000000007A
22:19:50.470:
46160109046A
22:19:50.498:
47160109045AF20000B7
22:19:50.652:
5783014B020129
22:19:50.659:
46160116097C
22:19:50.687:
4716011609E0030000000000000060
22:19:50.864:
578301480C4B5AF20000000000000000C6
22:19:50.872:
46160108066B
22:19:50.896:
47160108060F0F0F001111BB
22:19:51.054:
5783014B020129
22:19:51.061:
4616010D016B
22:19:51.079:
4716010D014BB7
22:19:51.266:
578301480C4B5AF20000000200000000C8
22:19:51.273:
46160109046A
22:19:51.295:
47160109045EF20000BB
22:19:51.456:
5783014B020129
22:19:51.463:
46160116097C
22:19:51.559:
4716011609E0030000000000000060
22:19:51.667:
578301480C4B5EF20000000200000000CC
22:19:51.674:
46160108066B
22:19:51.698:
47160108060F0F0F001111BB
22:19:51.859:
5783014B020129
22:19:51.867:
4616010D016B
22:19:51.885:
4716010D014BB7
22:19:52.070:
578301480C4B5EF20000000000000000CA
22:19:52.077:
46160109046A
22:19:52.115:
47160109045EF20000BB
22:19:52.259:
5783014B020129
22:19:52.267:
46160116097C
22:19:52.295:
4716011609E0030000000000000060
22:19:52.472:
578301480C4B5EF20000000200000000CC
22:19:52.479:
46160108066B
22:19:52.503:
47160108060F0F0F001111BB
22:19:52.661:
5783014B020129
22:19:52.669:
4616010D016B
22:19:52.688:
4716010D014BB7
22:19:52.874:
578301480C4B5EF20000000200000000CC
22:19:52.881:
46160109046A
22:19:52.902:
47160109045DF20000BA
22:19:53.063:
5783014B020830
22:19:53.070:
46160116097C
22:19:53.176:
4716011609E0030000000000000060
22:19:53.275:
578301480C4B5DF20000000200000000CB
22:19:53.283:
46160108066B
22:19:53.308:
47160108060F0F0F001111BB
22:19:53.464:
5783014B020830
22:19:53.472:
4616010D016B
22:19:53.491:
4716010D014BB7
22:19:53.676:
578301480C4B5DF20000000200000000CB
22:19:53.683:
46160109046A
22:19:53.728:
471601090455F20000B2
22:19:53.865:
5783014B020830
22:19:53.872:
46160116097C
22:19:53.901:
4716011609E0030000000000000060
22:19:54.076:
578301480C4B55F20000000200000000C3
22:19:54.084:
46160108066B
22:19:54.108:
47160108060F0F0F001111BB
22:19:54.268:
5783014B020830
22:19:54.276:
4616010D016B
22:19:54.295:
4716010D014BB7
22:19:54.497:
578301480C4B55F20000000200000000C3
22:19:54.504:
46160109046A
22:19:54.526:
471601090455F20000B2
22:19:54.690:
5783014B021038
22:19:54.697:
46160116097C
22:19:54.793:
4716011609E0030000000000000060
22:19:54.899:
578301480C4B55F20000000200000000C3
22:19:54.906:
46160108066B
22:19:54.930:
47160108060F0F0F001111BB
22:19:55.091:
5783014B021038
22:19:55.098:
4616010D016B
22:19:55.117:
4716010D014BB7
22:19:55.300:
578301480C4B55F20000000200000000C3
22:19:55.308:
46160109046A
22:19:55.329:
471601090458F20000B5
22:19:55.492:
5783014B021038
22:19:55.500:
46160116097C
22:19:55.580:
4716011609E0030000000000000060
22:19:55.702:
578301480C4B58F20000000200000000C6
22:19:55.709:
46160108066B
22:19:55.733:
47160108060F0F0F001111BB
22:19:55.894:
5783014B021038
22:19:55.901:
4616010D016B
22:19:55.920:
4716010D014BB7
22:19:56.103:
578301480C4B58F20000000000000000C4
22:19:56.110:
46160109046A
22:19:56.133:
47160109045BF20000B8
22:19:56.295:
5783014B020028
22:19:56.303:
46160116097C
22:19:56.388:
4716011609E0030000000000000060
22:19:56.505:
578301480C4B5BF20000000000000000C7
22:19:56.512:
46160108066B
22:19:56.536:
47160108060F0F0F001111BB
22:19:56.697:
5783014B020028
22:19:56.704:
4616010D016B
22:19:56.723:
4716010D014BB7
22:19:56.907:
578301480C4B5BF20000000000000000C7
22:19:56.914:
46160109046A
22:19:56.936:
47160109045BF20000B8
22:19:57.099:
5783014B020028
22:19:57.106:
46160116097C
22:19:57.182:
4716011609E0030000000000000060
22:19:57.310:
578301480C4B5BF20000000000000000C7
22:19:57.318:
46160108066B
22:19:57.341:
47160108060F0F0F001111BB
22:19:57.499:
5783014B020028
22:19:57.506:
4616010D016B
22:19:57.525:
4716010D014BB7
22:19:57.710:
578301480C4B5BF20000000000000000C7
22:19:57.718:
46160109046A
22:19:57.740:
47160109045CF20000B9
22:19:57.900:
5783014B020028
22:19:57.907:
46160116097C
22:19:57.970:
4716011609E0030000000000000060
22:19:58.112:
578301480C4B5CF20000000000000000C8
22:19:58.119:
46160108066B
22:19:58.143:
47160108060F0F0F001111BB
22:19:58.303:
5783014B020028
22:19:58.311:
4616010D016B
22:19:58.330:
4716010D014BB7
22:19:58.513:
578301480C4B5CF20000000000000000C8
22:19:58.520:
46160109046A
22:19:58.542:
47160109045CF20000B9
22:19:58.705:
5783014B020028
22:19:58.712:
46160116097C
22:19:58.797:
4716011609E0030000000000000060
22:19:58.917:
578301480C4B5CF20000000000000000C8
22:19:58.924:
46160108066B
22:19:58.948:
47160108060F0F0F001111BB
22:19:59.106:
5783014B020028
22:19:59.113:
4616010D016B
22:19:59.132:
4716010D014BB7
22:19:59.317:
578301480C4B5CF20000000000000000C8
22:19:59.324:
46160109046A
22:19:59.365:
47160109045DF20000BA
22:19:59.506:
5783014B020028
22:19:59.514:
46160116097C
22:19:59.578:
4716011609E0030000000000000060
22:19:59.720:
578301480C4B5DF20000000000000000C9
22:19:59.726:
46160108066B
22:19:59.750:
47160108060F0F0F001111BB
22:19:59.909:
5783014B020028
22:19:59.915:
4616010D016B
22:19:59.936:
4716010D014BB7
22:20:00.120:
578301480C4B5DF20000000000000000C9
22:20:00.127:
46160109046A
22:20:00.150:
471601090454F20000B1
22:20:00.309:
5783014B020028
22:20:00.317:
46160116097C
22:20:00.394:
4716011609E0030000000000000060
22:20:00.522:
578301480C4B54F20000000000000000C0
22:20:00.529:
46160108066B
22:20:00.559:
47160108060F0F0F001111BB
22:20:00.711:
5783014B020028
22:20:00.719:
4616010D016B
22:20:00.737:
4716010D014BB7
22:20:00.922:
578301480C4B54F20000000000000000C0
22:20:00.930:
46160109046A
22:20:00.952:
47160109045FF20000BC
22:20:01.114:
5783014B020028
22:20:01.122:
46160116097C
22:20:01.207:
4716011609E0030000000000000060
22:20:01.326:
578301480C4B5FF20000000000000000CB
22:20:01.333:
46160108066B
22:20:01.357:
47160108060F0F0F001111BB
22:20:01.515:
5783014B020028
22:20:01.523:
4616010D016B
22:20:01.541:
4716010D014BB7
22:20:01.727:
578301480C4B5FF20000000000000000CB
22:20:01.735:
46160109046A
22:20:01.757:
47160109045FF20000BC
22:20:01.917:
5783014B020028
22:20:01.925:
46160116097C
22:20:01.995:
4716011609E0030000000000000060
22:20:02.128:
578301480C4B5FF20000000000000000CB
22:20:02.135:
46160108066B
22:20:02.160:
47160108060F0F0F001111BB
22:20:02.317:
5783014B020028
22:20:02.325:
4616010D016B
22:20:02.343:
4716010D014BB7
22:20:02.529:
578301480C4B5FF20000000000000000CB
22:20:02.536:
46160109046A
22:20:02.558:
47160109045FF20000BC
22:20:02.721:
5783014B020028
22:20:02.728:
46160116097C
22:20:02.804:
4716011609E0030000000000000060
22:20:02.930:
578301480C4B5FF20000000000000000CB
22:20:02.938:
46160108066B
22:20:02.962:
47160108060F0F0F001111BB
22:20:03.124:
5783014B020028
22:20:03.130:
4616010D016B
22:20:03.149:
4716010D014BB7
22:20:03.335:
578301480C4B5FF20000000000000000CB
22:20:03.342:
46160109046A
22:20:03.364:
47160109045FF20000BC
22:20:03.524:
5783014B020028
22:20:03.531:
46160116097C
22:20:03.584:
4716011609E0030000000000000060
22:20:03.735:
578301480C4B5FF20000000000000000CB
22:20:03.742:
46160108066B
22:20:03.766:
47160108060F0F0F001111BB
22:20:03.925:
5783014B020028
22:20:03.931:
4616010D016B
22:20:03.950:
4716010D014BB7
22:20:04.136:
578301480C4B5FF20000000000000000CB
22:20:04.143:
46160109046A
22:20:04.165:
47160109045AF20000B7
22:20:04.328:
5783014B020028
22:20:04.336:
46160116097C
22:20:04.405:
4716011609E0030000000000000060
22:20:04.537:
578301480C4B5AF20000000000000000C6
22:20:04.544:
46160108066B
22:20:04.569:
47160108060F0F0F001111BB
22:20:04.730:
5783014B020028
22:20:04.737:
4616010D016B
22:20:04.755:
4716010D014BB7
22:20:04.941:
578301480C4B5AF20000000000000000C6
22:20:04.948:
46160109046A
22:20:04.971:
47160109045CF20000B9
22:20:05.130:
5783014B020028
22:20:05.137:
46160116097C
22:20:05.202:
4716011609E0030000000000000060
22:20:05.341:
578301480C4B5CF20000000000000000C8
22:20:05.349:
46160108066B
22:20:05.373:
47160108060F0F0F001111BB
22:20:05.531:
5783014B020028
22:20:05.538:
4616010D016B
22:20:05.556:
4716010D014BB7
22:20:05.743:
578301480C4B5CF20000000000000000C8
22:20:05.750:
46160109046A
22:20:05.772:
47160109045DF20000BA
22:20:05.932:
5783014B020028
22:20:05.940:
46160116097C
22:20:05.990:
4716011609E0030000000000000060
22:20:06.145:
578301480C4B5DF20000000000000000C9
22:20:06.152:
46160108066B
22:20:06.249:
47160108060F0F0F001111BB
22:20:06.334:
5783014B020028
22:20:06.341:
4616010D016B
22:20:06.359:
4716010D014BB7
22:20:06.546:
578301480C4B5DF20000000000000000C9
22:20:06.553:
46160109046A
22:20:06.576:
47160109045DF20000BA
22:20:06.735:
5783014B020028
22:20:06.743:
46160116097C
22:20:06.808:
4716011609E0030000000000000060
22:20:06.947:
578301480C4B5DF20000000000000000C9
22:20:06.954:
46160108066B
22:20:06.979:
47160108060F0F0F001111BB
22:20:07.139:
5783014B020028
22:20:07.147:
4616010D016B
22:20:07.167:
4716010D014BB7
22:20:07.348:
578301480C4B5DF20000000000000000C9
22:20:07.356:
46160109046A
22:20:07.378:
47160109045DF20000BA
22:20:07.541:
5783014B020028
22:20:07.548:
46160116097C