22:06:29.929:
461601070165
22:06:30.130:
461601070165
22:06:30.329:
461601070165
22:06:30.530:
461601070165
22:06:30.732:
46160108066B
22:06:30.932:
5783014B020129
22:06:30.940:
46160108066B
22:06:31.144:
578301480C0000000000000080000000AF
22:06:31.153:
46160108066B
22:06:31.334:
5783014B020129
22:06:31.341:
46160108066B
22:06:31.546:
578301480C0000000000000080000000AF
22:06:31.554:
46160108066B
22:06:31.736:
5783014B020129
22:06:31.743:
46160108066B
22:06:31.948:
578301480C0000000000000080000000AF
22:06:31.955:
46160108066B
22:06:32.137:
5783014B020129
22:06:32.144:
46160108066B
22:06:32.348:
578301480C0000000000000080000000AF
22:06:32.356:
46160108066B
22:06:32.541:
5783014B020129
22:06:32.548:
46160108066B
22:06:32.750:
578301480C0000000000000080000000AF
22:06:32.757:
46160108066B
22:06:32.942:
5783014B020129
22:06:32.950:
46160108066B
22:06:33.151:
578301480C0000000000000080000000AF
22:06:33.159:
46160108066B
22:06:33.344:
5783014B020129
22:06:33.351:
46160108066B
22:06:33.553:
578301480C0000000000000080000000AF
22:06:33.560:
46160108066B
22:06:33.745:
5783014B020830
22:06:33.753:
46160108066B
22:06:33.957:
578301480C0000000000000080000000AF
22:06:33.964:
46160108066B
22:06:34.146:
5783014B020830
22:06:34.153:
46160108066B
22:06:34.357:
578301480C0000000000000080000000AF
22:06:34.365:
46160108066B
22:06:34.546:
5783014B020830
22:06:34.554:
46160108066B
22:06:34.758:
578301480C0000000000000080000000AF
22:06:34.765:
46160108066B
22:06:34.950:
5783014B020830
22:06:34.957:
46160108066B
22:06:35.159:
578301480C0000000000000081000000B0
22:06:35.167:
46160108066B
22:06:35.352:
5783014B020028
22:06:35.359:
46160108066B
22:06:35.563:
578301480C0000000000000081000000B0
22:06:35.571:
46160108066B
22:06:35.752:
5783014B020028
22:06:35.760:
46160108066B
22:06:35.964:
578301480C0000000000000081000000B0
22:06:35.971:
46160108066B
22:06:36.153:
5783014B020028
22:06:36.160:
46160108066B
22:06:36.365:
578301480C0000000000000081000000B0
22:06:36.373:
46160108066B
22:06:36.555:
5783014B020028
22:06:36.562:
46160108066B
22:06:36.767:
578301480C0000000000000081000000B0
22:06:36.775:
46160108066B
22:06:36.957:
5783014B020028
22:06:36.964:
46160108066B
22:06:37.169:
578301480C0000000000000081000000B0
22:06:37.176:
46160108066B
22:06:37.358:
5783014B020028
22:06:37.366:
46160108066B
22:06:37.569:
578301480C0000000000000081000000B0
22:06:37.576:
46160108066B
22:06:37.761:
5783014B020028
22:06:37.769:
46160108066B
22:06:37.971:
578301480C0000000000000081000000B0
22:06:37.978:
46160108066B
22:06:38.163:
5783014B020028
22:06:38.170:
46160108066B
22:06:38.372:
578301480C0000000000000081000000B0
22:06:38.380:
46160108066B
22:06:38.564:
5783014B020028
22:06:38.572:
46160108066B
22:06:38.774:
578301480C0000000000000081000000B0
22:06:38.781:
46160108066B
22:06:38.966:
5783014B020028
22:06:38.974:
46160108066B
22:06:39.176:
578301480C0000000000000081000000B0
22:06:39.183:
46160108066B
22:06:39.368:
5783014B020028
22:06:39.375:
46160108066B
22:06:39.577:
578301480C0000000000000081000000B0
22:06:39.584:
46160108066B
22:06:39.770:
5783014B020028
22:06:39.777:
46160108066B
22:06:39.981:
578301480C0000000000000081000000B0
22:06:39.988:
46160108066B
22:06:40.170:
5783014B020028
22:06:40.178:
46160108066B
22:06:40.381:
578301480C0000000000000081000000B0
22:06:40.389:
46160108066B
22:06:40.570:
5783014B020028
22:06:40.578:
46160108066B
22:06:40.782:
578301480C0000000000000081000000B0
22:06:40.789:
46160108066B
22:06:40.974:
5783014B020028
22:06:40.981:
46160108066B
22:06:41.183:
578301480C0000000000000081000000B0
22:06:41.191:
46160108066B
22:06:41.376:
5783014B020028
22:06:41.383:
46160108066B
22:06:41.587:
578301480C0000000000000081000000B0
22:06:41.595:
46160108066B
22:06:41.777:
5783014B020028
22:06:41.784:
46160108066B
22:06:41.987:
578301480C0000000000000081000000B0
22:06:41.995:
46160108066B
22:06:42.177:
5783014B020028
22:06:42.184:
46160108066B
22:06:42.389:
578301480C0000000000000081000000B0
22:06:42.397:
46160108066B
22:06:42.578:
5783014B020028
22:06:42.586:
46160108066B
22:06:42.790:
578301480C0000000000000081000000B0
22:06:42.797:
46160108066B
22:06:42.982:
5783014B020028
22:06:42.990:
46160108066B
22:06:43.193:
578301480C0000000000000081000000B0
22:06:43.201:
46160108066B
22:06:43.383:
5783014B020028
22:06:43.390:
46160108066B
22:06:43.595:
578301480C0000000000000081000000B0
22:06:43.602:
46160108066B
22:06:43.784:
5783014B020028
22:06:43.792:
46160108066B
22:06:43.996:
578301480C0000000000000081000000B0
22:06:44.003:
46160108066B
22:06:44.185:
5783014B020028
22:06:44.193:
46160108066B
22:06:44.396:
578301480C0000000000000081000000B0
22:06:44.404:
46160108066B
22:06:44.589:
5783014B020028
22:06:44.596:
46160108066B
22:06:44.798:
578301480C0000000000000081000000B0
22:06:44.805:
46160108066B
22:06:44.990:
5783014B020028
22:06:44.997:
46160108066B
22:06:45.202:
578301480C0000000000000081000000B0
22:06:45.209:
46160108066B
22:06:45.391:
5783014B020028
22:06:45.398:
46160108066B
22:06:45.602:
578301480C0000000000000081000000B0
22:06:45.610:
46160108066B
22:06:45.791:
5783014B020028
22:06:45.799:
46160108066B
22:06:46.003:
578301480C0000000000000081000000B0
22:06:46.010:
46160108066B
22:06:46.195:
5783014B020028
22:06:46.203:
46160108066B
22:06:46.404:
578301480C0000000000000081000000B0
22:06:46.411:
46160108066B
22:06:46.596:
5783014B020028
22:06:46.604:
46160108066B
22:06:46.808:
578301480C0000000000000081000000B0
22:06:46.815:
46160108066B
22:06:46.997:
5783014B020028
22:06:47.004:
46160108066B
22:06:47.209:
578301480C0000000000000081000000B0
22:06:47.216:
46160108066B
22:06:47.397:
5783014B020028
22:06:47.405:
46160108066B
22:06:47.610:
578301480C0000000000000081000000B0
22:06:47.618:
46160108066B
22:06:47.799:
5783014B020028
22:06:47.807:
46160108066B
22:06:48.012:
578301480C0000000000000081000000B0
22:06:48.019:
46160108066B
22:06:48.201:
5783014B020028
22:06:48.209:
46160108066B
22:06:48.413:
578301480C0000000000000081000000B0
22:06:48.421:
46160108066B
22:06:48.602:
5783014B020028
22:06:48.610:
46160108066B
22:06:48.814:
578301480C0000000000000081000000B0
22:06:48.821:
46160108066B
22:06:49.007:
5783014B020028
22:06:49.013:
46160108066B
22:06:49.215:
578301480C0000000000000081000000B0
22:06:49.223:
46160108066B
22:06:49.407:
5783014B020028
22:06:49.415:
46160108066B
22:06:49.617:
578301480C0000000000000081000000B0
22:06:49.624:
46160108066B
22:06:49.809:
5783014B020028
22:06:49.816:
46160108066B
22:06:50.018:
578301480C0000000000000081000000B0
22:06:50.026:
46160108066B
22:06:50.211:
5783014B020028
22:06:50.218:
46160108066B
22:06:50.420:
578301480C0000000000000081000000B0
22:06:50.427:
46160108066B
22:06:50.612:
5783014B020028
22:06:50.620:
46160108066B
22:06:50.822:
578301480C0000000000000081000000B0
22:06:50.829:
46160108066B
22:06:51.013:
5783014B020028
22:06:51.021:
46160108066B
22:06:51.226:
578301480C0000000000000081000000B0
22:06:51.233:
46160108066B
22:06:51.414:
5783014B020028
22:06:51.422:
46160108066B
22:06:51.626:
578301480C0000000000000081000000B0
22:06:51.633:
46160108066B
22:06:51.815:
5783014B020028
22:06:51.822:
46160108066B
22:06:52.026:
578301480C0000000000000081000000B0
22:06:52.034:
46160108066B
22:06:52.218:
5783014B020028
22:06:52.226:
46160108066B
22:06:52.428:
578301480C0000000000000081000000B0
22:06:52.435:
46160108066B
22:06:52.620:
5783014B020028
22:06:52.628:
46160108066B
22:06:52.831:
578301480C0000000000000081000000B0
22:06:52.839:
46160108066B
22:06:53.021:
5783014B020028
22:06:53.028:
46160108066B
22:06:53.232:
578301480C0000000000000081000000B0
22:06:53.240:
46160108066B
22:06:53.422:
5783014B020028
22:06:53.429:
46160108066B
22:06:53.633:
578301480C0000000000000081000000B0
22:06:53.641:
46160108066B
22:06:53.823:
5783014B020028
22:06:53.830:
46160108066B
22:06:54.035:
578301480C0000000000000081000000B0
22:06:54.043:
46160108066B
22:06:54.224:
5783014B020028
22:06:54.232:
46160108066B
22:06:54.437:
578301480C0000000000000081000000B0
22:06:54.445:
46160108066B
22:06:54.626:
5783014B020028
22:06:54.633:
46160108066B
22:06:54.837:
578301480C0000000000000081000000B0
22:06:54.845:
46160108066B
22:06:55.030:
5783014B020028
22:06:55.037:
46160108066B
22:06:55.239:
578301480C0000000000000081000000B0
22:06:55.246:
46160108066B
22:06:55.431:
5783014B020028
22:06:55.439:
46160108066B
22:06:55.640:
578301480C0000000000000081000000B0
22:06:55.648:
46160108066B
22:06:55.833:
5783014B020028
22:06:55.840:
46160108066B
22:06:56.042:
578301480C0000000000000081000000B0
22:06:56.050:
46160108066B
22:06:56.234:
5783014B020028
22:06:56.242:
46160108066B
22:06:56.446:
578301480C0000000000000081000000B0
22:06:56.453:
46160108066B
22:06:56.635:
5783014B020028
22:06:56.643:
46160108066B
22:06:56.847:
578301480C0000000000000081000000B0
22:06:56.854:
46160108066B
22:06:57.036:
5783014B020028
22:06:57.043:
46160108066B
22:06:57.247:
578301480C0000000000000081000000B0
22:06:57.254:
46160108066B
22:06:57.439:
5783014B020028
22:06:57.446:
46160108066B
22:06:57.648:
578301480C0000000000000081000000B0
22:06:57.656:
46160108066B
22:06:57.841:
5783014B020028
22:06:57.848:
46160108066B
22:06:58.052:
578301480C0000000000000081000000B0
22:06:58.060:
46160108066B
22:06:58.242:
5783014B020028
22:06:58.249:
46160108066B
22:06:58.453:
578301480C0000000000000081000000B0
22:06:58.460:
46160108066B
22:06:58.642:
5783014B020028
22:06:58.649:
46160108066B
22:06:58.854:
578301480C0000000000000081000000B0
22:06:58.863:
46160108066B
22:06:59.044:
5783014B020028
22:06:59.051:
46160108066B
22:06:59.256:
578301480C0000000000000081000000B0
22:06:59.263:
46160108066B
22:06:59.445:
5783014B020028
22:06:59.453:
46160108066B
22:06:59.658:
578301480C0000000000000081000000B0
22:06:59.665:
46160108066B
22:06:59.847:
5783014B020028
22:06:59.855:
46160108066B
22:07:00.058:
578301480C0000000000000081000000B0
22:07:00.065:
46160108066B
22:07:00.251:
5783014B020028
22:07:00.258:
46160108066B
22:07:00.460:
578301480C0000000000000081000000B0
22:07:00.467:
46160108066B
22:07:00.663:
578301480C0000000000000081000000B0
22:07:00.671:
5783014B020028
22:07:00.678:
46160108066B
22:07:00.851:
5783014B020028
22:07:00.858:
46160108066B
22:07:01.063:
578301480C0000000000000081000000B0
22:07:01.072:
5783014B020028
22:07:01.079:
46160108066B
22:07:01.254:
5783014B020028
22:07:01.262:
46160108066B
22:07:01.466:
578301480C0000000000000081000000B0
22:07:01.474:
5783014B020028
22:07:01.481:
46160108066B
22:07:01.654:
5783014B020028
22:07:01.661:
46160108066B
22:07:01.866:
578301480C0000000000000081000000B0
22:07:01.875:
5783014B020028
22:07:01.882:
46160108066B
22:07:02.057:
5783014B020028
22:07:02.065:
46160108066B
22:07:02.269:
578301480C0000000000000081000000B0
22:07:02.277:
5783014B020028
22:07:02.285:
46160108066B
22:07:02.457:
5783014B020028
22:07:02.465:
46160108066B
22:07:02.669:
578301480C0000000000000081000000B0
22:07:02.678:
5783014B020028
22:07:02.685:
46160108066B
22:07:02.860:
5783014B020028
22:07:02.868:
46160108066B
22:07:03.070:
578301480C0000000000000081000000B0
22:07:03.078:
5783014B020028
22:07:03.086:
46160108066B
22:07:03.262:
5783014B020028
22:07:03.269:
46160108066B
22:07:03.473:
578301480C0000000000000081000000B0
22:07:03.481:
5783014B020028
22:07:03.488:
46160108066B
22:07:03.664:
5783014B020028
22:07:03.671:
46160108066B
22:07:03.873:
578301480C0000000000000081000000B0
22:07:03.881:
5783014B020028
22:07:03.889:
46160108066B
22:07:04.064:
5783014B020028
22:07:04.072:
46160108066B
22:07:04.275:
578301480C0000000000000081000000B0
22:07:04.284:
5783014B020028
22:07:04.291:
46160108066B
22:07:04.467:
5783014B020028
22:07:04.474:
46160108066B
22:07:04.676:
578301480C0000000000000081000000B0
22:07:04.685:
5783014B020028
22:07:04.692:
46160108066B
22:07:04.867:
5783014B020028
22:07:04.875:
46160108066B
22:07:05.079:
578301480C0000000000000081000000B0
22:07:05.087:
5783014B020028
22:07:05.095:
46160108066B
22:07:05.270:
5783014B020028
22:07:05.277:
46160108066B
22:07:05.479:
578301480C0000000000000081000000B0
22:07:05.488:
5783014B020028
22:07:05.496:
46160108066B
22:07:05.671:
5783014B020028
22:07:05.678:
46160108066B
22:07:05.882:
578301480C0000000000000081000000B0
22:07:05.890:
5783014B020028
22:07:05.898:
46160108066B
22:07:06.073:
5783014B020028
22:07:06.081:
46160108066B
22:07:06.282:
578301480C0000000000000081000000B0
22:07:06.291:
5783014B020028
22:07:06.298:
46160108066B
22:07:06.474:
5783014B020028
22:07:06.481:
46160108066B
22:07:06.685:
578301480C0000000000000081000000B0
22:07:06.694:
5783014B020028
22:07:06.701:
46160108066B
22:07:06.876:
5783014B020028
22:07:06.884:
46160108066B
22:07:07.085:
578301480C0000000000000081000000B0
22:07:07.094:
5783014B020028
22:07:07.102:
46160108066B
22:07:07.277:
5783014B020028
22:07:07.284:
46160108066B
22:07:07.489:
578301480C0000000000000081000000B0
22:07:07.498:
5783014B020028
22:07:07.505:
46160108066B
22:07:07.678:
5783014B020028
22:07:07.685:
46160108066B
22:07:07.889:
578301480C0000000000000081000000B0
22:07:07.897:
5783014B020028
22:07:07.905:
46160108066B
22:07:08.080:
5783014B020028
22:07:08.088:
46160108066B
22:07:08.292:
578301480C0000000000000081000000B0
22:07:08.301:
5783014B020028
22:07:08.308:
46160108066B
22:07:08.481:
5783014B020028
22:07:08.488:
46160108066B
22:07:08.692:
578301480C0000000000000081000000B0
22:07:08.700:
5783014B020028
22:07:08.708:
46160108066B
22:07:08.883:
5783014B020028
22:07:08.891:
46160108066B
22:07:09.096:
578301480C0000000000000081000000B0
22:07:09.104:
5783014B020028
22:07:09.111:
46160108066B
22:07:09.284:
5783014B020028
22:07:09.291:
46160108066B
22:07:09.496:
578301480C0000000000000081000000B0
22:07:09.504:
5783014B020028
22:07:09.511:
46160108066B
22:07:09.687:
5783014B020028
22:07:09.694:
46160108066B
22:07:09.899:
578301480C0000000000000081000000B0
22:07:09.907:
5783014B020028
22:07:09.915:
46160108066B
22:07:10.087:
5783014B020028
22:07:10.095:
46160108066B
22:07:10.298:
578301480C0000000000000081000000B0
22:07:10.307:
5783014B020028
22:07:10.314:
46160108066B
22:07:10.490:
5783014B020028
22:07:10.497:
46160108066B
22:07:10.702:
578301480C0000000000000081000000B0
22:07:10.710:
5783014B020028
22:07:10.718:
46160108066B
22:07:10.890:
5783014B020028
22:07:10.898:
46160108066B
22:07:11.102:
578301480C0000000000000081000000B0
22:07:11.110:
5783014B020028
22:07:11.118:
46160108066B
22:07:11.293:
5783014B020028
22:07:11.300:
46160108066B
22:07:11.506:
578301480C0000000000000081000000B0
22:07:11.514:
5783014B020028
22:07:11.521:
46160108066B
22:07:11.693:
5783014B020028
22:07:11.701:
46160108066B
22:07:11.906:
578301480C0000000000000081000000B0
22:07:11.914:
5783014B020028
22:07:11.922:
46160108066B
22:07:12.097:
5783014B020028
22:07:12.105:
46160108066B
22:07:12.308:
578301480C0000000000000081000000B0
22:07:12.317:
5783014B020028
22:07:12.324:
46160108066B
22:07:12.497:
5783014B020028
22:07:12.504:
46160108066B
22:07:12.709:
578301480C0000000000000081000000B0
22:07:12.718:
5783014B020028
22:07:12.725:
46160108066B
22:07:12.900:
5783014B020028
22:07:12.908:
46160108066B
22:07:13.112:
578301480C0000000000000081000000B0
22:07:13.120:
5783014B020028
22:07:13.128:
46160108066B
22:07:13.300:
5783014B020028
22:07:13.307:
46160108066B
22:07:13.512:
578301480C0000000000000081000000B0
22:07:13.521:
5783014B020028
22:07:13.528:
46160108066B
22:07:13.704:
5783014B020028
22:07:13.711:
46160108066B
22:07:13.913:
578301480C0000000000000081000000B0
22:07:13.921:
5783014B020028
22:07:13.929:
46160108066B
22:07:14.104:
5783014B020028
22:07:14.112:
46160108066B
22:07:14.315:
578301480C0000000000000081000000B0
22:07:14.324:
5783014B020028
22:07:14.332:
46160108066B
22:07:14.507:
5783014B020028
22:07:14.515:
46160108066B
22:07:14.717:
578301480C0000000000000081000000B0
22:07:14.725:
5783014B020028
22:07:14.733:
46160108066B
22:07:14.907:
5783014B020028
22:07:14.915:
46160108066B
22:07:15.119:
578301480C0000000000000081000000B0
22:07:15.127:
5783014B020028
22:07:15.135:
46160108066B
22:07:15.310:
5783014B020028
22:07:15.317:
46160108066B
22:07:15.519:
578301480C0000000000000081000000B0
22:07:15.528:
5783014B020028
22:07:15.537:
46160108066B
22:07:15.711:
5783014B020028
22:07:15.718:
46160108066B
22:07:15.922:
578301480C0000000000000081000000B0
22:07:15.931:
5783014B020028
22:07:15.939:
46160108066B
22:07:16.113:
5783014B020028
22:07:16.121:
46160108066B
22:07:16.322:
578301480C0000000000000081000000B0
22:07:16.331:
5783014B020028
22:07:16.338:
46160108066B
22:07:16.514:
5783014B020028
22:07:16.521:
46160108066B
22:07:16.725:
578301480C0000000000000081000000B0
22:07:16.734:
5783014B020028
22:07:16.741:
46160108066B
22:07:16.916:
5783014B020028
22:07:16.924:
46160108066B
22:07:17.126:
578301480C0000000000000081000000B0
22:07:17.134:
5783014B020028
22:07:17.142:
46160108066B
22:07:17.317:
5783014B020028
22:07:17.324:
46160108066B
22:07:17.528:
578301480C0000000000000081000000B0
22:07:17.537:
5783014B020028
22:07:17.544:
46160108066B
22:07:17.720:
5783014B020028
22:07:17.727:
46160108066B
22:07:17.929:
578301480C0000000000000081000000B0
22:07:17.937:
5783014B020028
22:07:17.945:
46160108066B
22:07:18.120:
5783014B020028
22:07:18.128:
46160108066B
22:07:18.333:
578301480C0000000000000081000000B0
22:07:18.341:
5783014B020028
22:07:18.348:
46160108066B
22:07:18.521:
5783014B020028
22:07:18.528:
46160108066B
22:07:18.732:
578301480C0000000000000081000000B0
22:07:18.741:
5783014B020028
22:07:18.748:
46160108066B
22:07:18.923:
5783014B020028
22:07:18.931:
46160108066B
22:07:19.136:
578301480C0000000000000081000000B0
22:07:19.144:
5783014B020028
22:07:19.152:
46160108066B
22:07:19.324:
5783014B020028
22:07:19.331:
46160108066B
22:07:19.535:
578301480C0000000000000081000000B0
22:07:19.544:
5783014B020028
22:07:19.551:
46160108066B
22:07:19.727:
5783014B020028
22:07:19.734:
46160108066B
22:07:19.939:
578301480C0000000000000081000000B0
22:07:19.947:
5783014B020028
22:07:19.955:
46160108066B
22:07:20.127:
5783014B020028
22:07:20.135:
46160108066B
22:07:20.339:
578301480C0000000000000081000000B0
22:07:20.347:
5783014B020028
22:07:20.355:
46160108066B
22:07:20.530:
5783014B020028
22:07:20.537:
46160108066B
22:07:20.743:
578301480C0000000000000081000000B0
22:07:20.751:
5783014B020028
22:07:20.758:
46160108066B
22:07:20.931:
5783014B020028
22:07:20.938:
46160108066B
22:07:21.142:
578301480C0000000000000081000000B0
22:07:21.150:
5783014B020028
22:07:21.158:
46160108066B
22:07:21.333:
5783014B020028
22:07:21.341:
46160108066B
22:07:21.545:
578301480C0000000000000081000000B0
22:07:21.554:
5783014B020028
22:07:21.561:
46160108066B
22:07:21.734:
5783014B020028
22:07:21.741:
46160108066B
22:07:21.945:
578301480C0000000000000081000000B0
22:07:21.954:
5783014B020028
22:07:21.961:
46160108066B
22:07:22.136:
5783014B020028
22:07:22.144:
46160108066B
22:07:22.349:
578301480C0000000000000081000000B0
22:07:22.357:
5783014B020028
22:07:22.365:
46160108066B
22:07:22.538:
5783014B020028
22:07:22.545:
46160108066B
22:07:22.750:
578301480C0000000000000081000000B0
22:07:22.759:
5783014B020028
22:07:22.766:
46160108066B
22:07:22.939:
5783014B020028
22:07:22.946:
46160108066B
22:07:23.151:
578301480C0000000000000081000000B0
22:07:23.160:
5783014B020028
22:07:23.167:
46160108066B
22:07:23.342:
5783014B020028
22:07:23.349:
46160108066B
22:07:23.553:
578301480C0000000000000081000000B0
22:07:23.562:
5783014B020028
22:07:23.569:
46160108066B
22:07:23.742:
5783014B020028
22:07:23.749:
46160108066B
22:07:23.954:
578301480C0000000000000081000000B0
22:07:23.963:
5783014B020028
22:07:23.970:
46160108066B
22:07:24.146:
5783014B020028
22:07:24.153:
46160108066B
22:07:24.357:
578301480C0000000000000081000000B0
22:07:24.365:
5783014B020028
22:07:24.373:
46160108066B
22:07:24.545:
5783014B020028
22:07:24.553:
46160108066B
22:07:24.758:
578301480C0000000000000081000000B0
22:07:24.766:
5783014B020028
22:07:24.773:
46160108066B
22:07:24.948:
5783014B020028
22:07:24.956:
46160108066B
22:07:25.158:
578301480C0000000000000081000000B0
22:07:25.166:
5783014B020028
22:07:25.174:
46160108066B
22:07:25.349:
5783014B020028
22:07:25.356:
46160108066B
22:07:25.560:
578301480C0000000000000081000000B0
22:07:25.569:
5783014B020028
22:07:25.576:
46160108066B
22:07:25.752:
5783014B020028
22:07:25.759:
46160108066B
22:07:25.962:
578301480C0000000000000081000000B0
22:07:25.970:
5783014B020028
22:07:25.977:
46160108066B
22:07:26.153:
5783014B020028
22:07:26.160:
46160108066B
22:07:26.364:
578301480C0000000000000081000000B0
22:07:26.372:
5783014B020028
22:07:26.380:
46160108066B
22:07:26.555:
5783014B020028
22:07:26.562:
46160108066B
22:07:26.764:
578301480C0000000000000081000000B0
22:07:26.773:
5783014B020028
22:07:26.780:
46160108066B
22:07:26.955:
5783014B020028
22:07:26.963:
46160108066B
22:07:27.167:
578301480C0000000000000081000000B0
22:07:27.176:
5783014B020028
22:07:27.183:
46160108066B
22:07:27.358:
5783014B020028
22:07:27.365:
46160108066B
22:07:27.567:
578301480C0000000000000081000000B0
22:07:27.576:
5783014B020028
22:07:27.583:
46160108066B
22:07:27.759:
5783014B020028
22:07:27.766:
46160108066B
22:07:27.970:
578301480C0000000000000081000000B0
22:07:27.979:
5783014B020028
22:07:27.986:
46160108066B
22:07:28.162:
5783014B020028
22:07:28.169:
46160108066B
22:07:28.370:
578301480C0000000000000081000000B0
22:07:28.379:
5783014B020028
22:07:28.387:
46160108066B
22:07:28.562:
5783014B020028
22:07:28.569:
46160108066B
22:07:28.773:
578301480C0000000000000081000000B0
22:07:28.782:
5783014B020028
22:07:28.790:
46160108066B
22:07:28.964:
5783014B020028
22:07:28.973:
46160108066B
22:07:29.174:
578301480C0000000000000081000000B0
22:07:29.182:
5783014B020028
22:07:29.190:
46160108066B
22:07:29.365:
5783014B020028
22:07:29.372:
46160108066B
22:07:29.578:
578301480C0000000000000081000000B0
22:07:29.586:
5783014B020028
22:07:29.593:
46160108066B
22:07:29.766:
5783014B020028
22:07:29.773:
46160108066B
22:07:29.977:
578301480C0000000000000081000000B0
22:07:29.986:
5783014B020028
22:07:29.993:
46160108066B
22:07:30.168:
5783014B020028
22:07:30.176:
46160108066B
22:07:30.381:
578301480C0000000000000081000000B0
22:07:30.389:
5783014B020028
22:07:30.396:
46160108066B
22:07:30.569:
5783014B020028
22:07:30.576:
46160108066B
22:07:30.780:
578301480C0000000000000081000000B0
22:07:30.789:
5783014B020028
22:07:30.796:
46160108066B
22:07:30.971:
5783014B020028
22:07:30.979:
46160108066B
22:07:31.184:
578301480C0000000000000081000000B0
22:07:31.192:
5783014B020028
22:07:31.200:
46160108066B
22:07:31.373:
5783014B020028
22:07:31.380:
46160108066B
22:07:31.583:
578301480C0000000000000081000000B0
22:07:31.592:
5783014B020028
22:07:31.599:
46160108066B
22:07:31.775:
5783014B020028
22:07:31.782:
46160108066B
22:07:31.987:
578301480C0000000000000081000000B0
22:07:31.996:
5783014B020028
22:07:32.003:
46160108066B
22:07:32.175:
5783014B020028
22:07:32.183:
46160108066B
22:07:32.387:
578301480C0000000000000081000000B0
22:07:32.396:
5783014B020028
22:07:32.404:
46160108066B
22:07:32.579:
5783014B020028
22:07:32.586:
46160108066B
22:07:32.790:
578301480C0000000000000081000000B0
22:07:32.799:
5783014B020028
22:07:32.806:
46160108066B
22:07:32.978:
5783014B020028
22:07:32.986:
46160108066B
22:07:33.190:
578301480C0000000000000081000000B0
22:07:33.198:
5783014B020028
22:07:33.206:
46160108066B
22:07:33.381:
5783014B020028
22:07:33.388:
46160108066B
22:07:33.593:
578301480C0000000000000081000000B0
22:07:33.602:
5783014B020028
22:07:33.609:
46160108066B
22:07:33.781:
5783014B020028
22:07:33.789:
46160108066B
22:07:33.994:
578301480C0000000000000081000000B0
22:07:34.002:
5783014B020028
22:07:34.010:
46160108066B
22:07:34.185:
5783014B020028
22:07:34.192:
46160108066B
22:07:34.397:
578301480C0000000000000081000000B0
22:07:34.405:
5783014B020028
22:07:34.413:
46160108066B
22:07:34.585:
5783014B020028
22:07:34.593:
46160108066B
22:07:34.797:
578301480C0000000000000081000000B0
22:07:34.805:
5783014B020028
22:07:34.813:
46160108066B
22:07:34.988:
5783014B020028
22:07:34.996:
46160108066B
22:07:35.200:
578301480C0000000000000081000000B0
22:07:35.208:
5783014B020028
22:07:35.216:
46160108066B
22:07:35.388:
5783014B020028
22:07:35.395:
46160108066B
22:07:35.600:
578301480C000000
22:07:35.600:
0000000081000000B0
22:07:35.609:
5783014B020028
22:07:35.616:
46160108066B
22:07:35.791:
5783014B020028
22:07:35.799:
46160108066B
22:07:36.001:
578301480C0000000000000081000000B0
22:07:36.009:
5783014B020028
22:07:36.019:
46160108066B
22:07:36.192:
5783014B020028
22:07:36.200:
46160108066B